Test (2C): Figure 8 ...
004782 VOTE S0  vote vf(0) to own
004788 VOTE S0  vote -> 1 cT(1)
004791 VOTE S0  vote -> 2 cT(1)
004794 VOTE S0  vote -> 3 cT(1)
004797 VOTE S0  vote -> 4 cT(1)
004838 VOTE S3  vote <- 0 T(1) = cT(1) vf(0)
004843 VOTE S2  vote <- 0 T(1) = cT(1) vf(0)
004845 VOTE S1  vote <- 0 T(1) = cT(1) vf(0)
004846 VOTE S4  vote <- 0 T(1) = cT(1) vf(0)
004856 VOTE S0  have 3 votes T(1) cT(1) 2 B
004860 LEAD S0  be Leader B
004865 LEAD S0 app -> 1 next(1) index(0) neT(0) cT(1)
004869 LEAD S0 app -> 2 next(1) index(0) neT(0) cT(1)
004871 LEAD S0 app -> 3 next(1) index(0) neT(0) cT(1)
004875 LEAD S0 app -> 4 next(1) index(0) neT(0) cT(1)
004906 LEAD S4  heart <- 0 T(1) cT(1)
004909 LEAD S2  heart <- 0 T(1) cT(1)
004911 LEAD S1  heart <- 0 T(1) cT(1)
004912 LEAD S3  heart <- 0 T(1) cT(1)
004914 LOG1 S4 be follower
004915 LEAD S4 PreT(0) LT(0)
004916 LOG1 S3 be follower
004916 LEAD S3 PreT(0) LT(0)
004918 LOG1 S2 be follower
004920 LEAD S2 PreT(0) LT(0)
004921 LOG1 S1 be follower
004922 LEAD S1 PreT(0) LT(0)
005049 LOG1 S0 {1 1 8095399060580105103}
005050 LOG2 S0 index(1) nd(0) cmd1(<nil>) expectedServers(1) cmd(8095399060580105103)
005259 LOG2 S0 index(1) nd(0) cmd1(<nil>) expectedServers(1) cmd(8095399060580105103)
005466 LOG2 S0 index(1) nd(0) cmd1(<nil>) expectedServers(1) cmd(8095399060580105103)
005678 LOG2 S0 index(1) nd(0) cmd1(<nil>) expectedServers(1) cmd(8095399060580105103)
005889 LOG2 S0 index(1) nd(0) cmd1(<nil>) expectedServers(1) cmd(8095399060580105103)
005931 LEAD S0 app -> 1 next(1) index(1) neT(0) cT(1)
005933 LEAD S0 send to 1 {1 1 8095399060580105103}
005935 LEAD S0 app -> 3 next(1) index(1) neT(0) cT(1)
005937 LEAD S0 send to 3 {1 1 8095399060580105103}
005941 LEAD S0 app -> 2 next(1) index(1) neT(0) cT(1)
005942 LEAD S0 send to 2 {1 1 8095399060580105103}
005944 LEAD S0 app -> 4 next(1) index(1) neT(0) cT(1)
005945 LEAD S0 send to 4 {1 1 8095399060580105103}
005962 LEAD S3  app <- 0 T(1) cT(1)
005964 LEAD S1  app <- 0 T(1) cT(1)
005965 LEAD S2  app <- 0 T(1) cT(1)
005966 LEAD S1 PreT(0) LT(0)
005967 LEAD S3 PreT(0) LT(0)
005968 LOG1 S3 B success + log({1 1 8095399060580105103})
005969 LOG1 S1 B success + log({1 1 8095399060580105103})
005970 LEAD S2 PreT(0) LT(0)
005972 LOG1 S2 B success + log({1 1 8095399060580105103})
005979 LOG1 S0  S3's nextindex(2)
005980 LEAD S4  app <- 0 T(1) cT(1)
005982 LOG1 S0 sum(2) ban(2)
005984 LEAD S4 PreT(0) LT(0)
005986 LOG1 S4 B success + log({1 1 8095399060580105103})
005988 LOG1 S0  S1's nextindex(2)
005989 LOG1 S0 sum(3) ban(2)
005989 CMIT S0 new commit(1) and applied
005990 LOG1 S0  S2's nextindex(2)
005991 LOG1 S0 sum(4) ban(2)
006003 LOG1 S0  S4's nextindex(2)
006004 LOG1 S0 sum(5) ban(2)
006072 LOG1 S0 lognode = {true 8095399060580105103 1 false [] 0 0}
006095 LOG2 S0 index(1) nd(1) cmd1(8095399060580105103) expectedServers(1) cmd(8095399060580105103)
010851 VOTE S4  vote vf(4) to own
010857 VOTE S4  vote -> 0 cT(2)
010858 VOTE S4  vote -> 1 cT(2)
010863 VOTE S4  vote -> 2 cT(2)
010866 VOTE S4  vote -> 3 cT(2)
010884 VOTE S1  vote <- 4 T(2) = cT(2) vf(4)
010887 VOTE S3  vote <- 4 T(2) = cT(2) vf(4)
010894 VOTE S2  vote <- 4 T(2) = cT(2) vf(4)
010899 VOTE S4  have 3 votes T(2) cT(2) 2 B
010903 LEAD S4  be Leader B
010907 LEAD S4 app -> 0 next(2) index(1) neT(1) cT(2)
010909 LEAD S4 app -> 1 next(2) index(1) neT(1) cT(2)
010912 LEAD S4 app -> 2 next(2) index(1) neT(1) cT(2)
010915 LEAD S4 app -> 3 next(2) index(1) neT(1) cT(2)
010937 LEAD S1  heart <- 4 T(2) cT(2)
010939 LOG1 S1 be follower
010940 LEAD S1 PreT(1) LT(1)
010943 LEAD S3  heart <- 4 T(2) cT(2)
010945 LOG1 S3 be follower
010946 LEAD S2  heart <- 4 T(2) cT(2)
010949 LEAD S3 PreT(1) LT(1)
010950 LOG1 S2 be follower
010951 LEAD S2 PreT(1) LT(1)
011985 LEAD S4 app -> 0 next(2) index(1) neT(1) cT(2)
011988 LEAD S4 app -> 1 next(2) index(1) neT(1) cT(2)
011991 LEAD S4 app -> 2 next(2) index(1) neT(1) cT(2)
011994 LEAD S4 app -> 3 next(2) index(1) neT(1) cT(2)
012014 LEAD S1  heart <- 4 T(2) cT(2)
012017 LEAD S1 PreT(1) LT(1)
012025 LEAD S3  heart <- 4 T(2) cT(2)
012027 LEAD S3 PreT(1) LT(1)
012034 LEAD S2  heart <- 4 T(2) cT(2)
012038 LEAD S2 PreT(1) LT(1)
013056 LEAD S4 app -> 0 next(2) index(1) neT(1) cT(2)
013059 LEAD S4 app -> 1 next(2) index(1) neT(1) cT(2)
013063 LEAD S4 app -> 2 next(2) index(1) neT(1) cT(2)
013067 LEAD S4 app -> 3 next(2) index(1) neT(1) cT(2)
013086 LEAD S1  heart <- 4 T(2) cT(2)
013088 LEAD S1 PreT(1) LT(1)
013097 LEAD S2  heart <- 4 T(2) cT(2)
013099 LEAD S2 PreT(1) LT(1)
013107 LEAD S3  heart <- 4 T(2) cT(2)
013111 LEAD S3 PreT(1) LT(1)
014125 LEAD S4 app -> 0 next(2) index(1) neT(1) cT(2)
014128 LEAD S4 app -> 2 next(2) index(1) neT(1) cT(2)
014130 LEAD S4 app -> 3 next(2) index(1) neT(1) cT(2)
014133 LEAD S4 app -> 1 next(2) index(1) neT(1) cT(2)
014155 LEAD S2  heart <- 4 T(2) cT(2)
014157 LEAD S2 PreT(1) LT(1)
014167 LEAD S3  heart <- 4 T(2) cT(2)
014170 LEAD S3 PreT(1) LT(1)
014172 LEAD S1  heart <- 4 T(2) cT(2)
014175 LEAD S1 PreT(1) LT(1)
015183 LEAD S4 app -> 0 next(2) index(1) neT(1) cT(2)
015186 LEAD S4 app -> 1 next(2) index(1) neT(1) cT(2)
015190 LEAD S4 app -> 2 next(2) index(1) neT(1) cT(2)
015194 LEAD S4 app -> 3 next(2) index(1) neT(1) cT(2)
015226 LEAD S1  heart <- 4 T(2) cT(2)
015230 LEAD S1 PreT(1) LT(1)
015233 LEAD S2  heart <- 4 T(2) cT(2)
015237 LEAD S2 PreT(1) LT(1)
015252 LEAD S3  heart <- 4 T(2) cT(2)
015254 LEAD S3 PreT(1) LT(1)
016251 LEAD S4 app -> 3 next(2) index(1) neT(1) cT(2)
016256 LEAD S4 app -> 1 next(2) index(1) neT(1) cT(2)
016259 LEAD S4 app -> 0 next(2) index(1) neT(1) cT(2)
016262 LEAD S4 app -> 2 next(2) index(1) neT(1) cT(2)
016280 LEAD S1  heart <- 4 T(2) cT(2)
016282 LEAD S1 PreT(1) LT(1)
016287 LEAD S3  heart <- 4 T(2) cT(2)
016288 LEAD S3 PreT(1) LT(1)
016294 LEAD S2  heart <- 4 T(2) cT(2)
016295 LEAD S2 PreT(1) LT(1)
017302 LEAD S4 app -> 0 next(2) index(1) neT(1) cT(2)
017304 LEAD S4 app -> 3 next(2) index(1) neT(1) cT(2)
017306 LEAD S4 app -> 2 next(2) index(1) neT(1) cT(2)
017308 LEAD S4 app -> 1 next(2) index(1) neT(1) cT(2)
017334 LEAD S3  heart <- 4 T(2) cT(2)
017336 LEAD S3 PreT(1) LT(1)
017338 LEAD S2  heart <- 4 T(2) cT(2)
017341 LEAD S1  heart <- 4 T(2) cT(2)
017343 LEAD S2 PreT(1) LT(1)
017346 LEAD S1 PreT(1) LT(1)
018353 LEAD S4 app -> 0 next(2) index(1) neT(1) cT(2)
018356 LEAD S4 app -> 1 next(2) index(1) neT(1) cT(2)
018360 LEAD S4 app -> 2 next(2) index(1) neT(1) cT(2)
018364 LEAD S4 app -> 3 next(2) index(1) neT(1) cT(2)
018387 LEAD S1  heart <- 4 T(2) cT(2)
018389 LEAD S1 PreT(1) LT(1)
018392 LEAD S3  heart <- 4 T(2) cT(2)
018394 LEAD S2  heart <- 4 T(2) cT(2)
018396 LEAD S3 PreT(1) LT(1)
018397 LEAD S2 PreT(1) LT(1)
019397 LEAD S4 app -> 0 next(2) index(1) neT(1) cT(2)
019400 LEAD S4 app -> 1 next(2) index(1) neT(1) cT(2)
019404 LEAD S4 app -> 3 next(2) index(1) neT(1) cT(2)
019407 LEAD S4 app -> 2 next(2) index(1) neT(1) cT(2)
019419 LEAD S1  heart <- 4 T(2) cT(2)
019421 LEAD S1 PreT(1) LT(1)
019426 LEAD S3  heart <- 4 T(2) cT(2)
019428 LEAD S3 PreT(1) LT(1)
019434 LEAD S2  heart <- 4 T(2) cT(2)
019436 LEAD S2 PreT(1) LT(1)
020472 LEAD S4 app -> 0 next(2) index(1) neT(1) cT(2)
020475 LEAD S4 app -> 1 next(2) index(1) neT(1) cT(2)
020477 LEAD S4 app -> 3 next(2) index(1) neT(1) cT(2)
020480 LEAD S4 app -> 2 next(2) index(1) neT(1) cT(2)
020507 LEAD S1  heart <- 4 T(2) cT(2)
020509 LEAD S3  heart <- 4 T(2) cT(2)
020511 LEAD S1 PreT(1) LT(1)
020512 LEAD S3 PreT(1) LT(1)
020519 LEAD S2  heart <- 4 T(2) cT(2)
020522 LEAD S2 PreT(1) LT(1)
021523 LEAD S4 app -> 0 next(2) index(1) neT(1) cT(2)
021527 LEAD S4 app -> 1 next(2) index(1) neT(1) cT(2)
021529 LEAD S4 app -> 2 next(2) index(1) neT(1) cT(2)
021532 LEAD S4 app -> 3 next(2) index(1) neT(1) cT(2)
021560 LEAD S1  heart <- 4 T(2) cT(2)
021562 LEAD S3  heart <- 4 T(2) cT(2)
021564 LEAD S2  heart <- 4 T(2) cT(2)
021565 LEAD S1 PreT(1) LT(1)
021566 LEAD S2 PreT(1) LT(1)
021568 LEAD S3 PreT(1) LT(1)
022589 LEAD S4 app -> 0 next(2) index(1) neT(1) cT(2)
022591 LEAD S4 app -> 1 next(2) index(1) neT(1) cT(2)
022594 LEAD S4 app -> 3 next(2) index(1) neT(1) cT(2)
022597 LEAD S4 app -> 2 next(2) index(1) neT(1) cT(2)
022627 LEAD S1  heart <- 4 T(2) cT(2)
022629 LEAD S2  heart <- 4 T(2) cT(2)
022632 LEAD S3  heart <- 4 T(2) cT(2)
022635 LEAD S2 PreT(1) LT(1)
022639 LEAD S1 PreT(1) LT(1)
022641 LEAD S3 PreT(1) LT(1)
023669 LEAD S4 app -> 0 next(2) index(1) neT(1) cT(2)
023673 LEAD S4 app -> 1 next(2) index(1) neT(1) cT(2)
023675 LEAD S4 app -> 3 next(2) index(1) neT(1) cT(2)
023679 LEAD S4 app -> 2 next(2) index(1) neT(1) cT(2)
023703 LEAD S1  heart <- 4 T(2) cT(2)
023706 LEAD S1 PreT(1) LT(1)
023718 LEAD S2  heart <- 4 T(2) cT(2)
023720 LEAD S3  heart <- 4 T(2) cT(2)
023722 LEAD S2 PreT(1) LT(1)
023724 LEAD S3 PreT(1) LT(1)
024754 LEAD S4 app -> 0 next(2) index(1) neT(1) cT(2)
024756 LEAD S4 app -> 1 next(2) index(1) neT(1) cT(2)
024758 LEAD S4 app -> 2 next(2) index(1) neT(1) cT(2)
024761 LEAD S4 app -> 3 next(2) index(1) neT(1) cT(2)
024790 LEAD S1  heart <- 4 T(2) cT(2)
024792 LEAD S1 PreT(1) LT(1)
024794 LEAD S2  heart <- 4 T(2) cT(2)
024796 LEAD S2 PreT(1) LT(1)
024804 LEAD S3  heart <- 4 T(2) cT(2)
024808 LEAD S3 PreT(1) LT(1)
025835 LEAD S4 app -> 0 next(2) index(1) neT(1) cT(2)
025839 LEAD S4 app -> 1 next(2) index(1) neT(1) cT(2)
025841 LEAD S4 app -> 2 next(2) index(1) neT(1) cT(2)
025843 LEAD S4 app -> 3 next(2) index(1) neT(1) cT(2)
025870 LEAD S1  heart <- 4 T(2) cT(2)
025872 LEAD S1 PreT(1) LT(1)
025875 LEAD S3  heart <- 4 T(2) cT(2)
025878 LEAD S3 PreT(1) LT(1)
025879 LEAD S2  heart <- 4 T(2) cT(2)
025883 LEAD S2 PreT(1) LT(1)
026910 LEAD S4 app -> 0 next(2) index(1) neT(1) cT(2)
026913 LEAD S4 app -> 2 next(2) index(1) neT(1) cT(2)
026916 LEAD S4 app -> 3 next(2) index(1) neT(1) cT(2)
026919 LEAD S4 app -> 1 next(2) index(1) neT(1) cT(2)
026938 LEAD S2  heart <- 4 T(2) cT(2)
026940 LEAD S2 PreT(1) LT(1)
026949 LEAD S3  heart <- 4 T(2) cT(2)
026951 LEAD S3 PreT(1) LT(1)
026960 LEAD S1  heart <- 4 T(2) cT(2)
026963 LEAD S1 PreT(1) LT(1)
027981 LEAD S4 app -> 0 next(2) index(1) neT(1) cT(2)
027983 LEAD S4 app -> 1 next(2) index(1) neT(1) cT(2)
027985 LEAD S4 app -> 3 next(2) index(1) neT(1) cT(2)
027988 LEAD S4 app -> 2 next(2) index(1) neT(1) cT(2)
028013 LEAD S3  heart <- 4 T(2) cT(2)
028014 LEAD S1  heart <- 4 T(2) cT(2)
028016 LEAD S3 PreT(1) LT(1)
028018 LEAD S1 PreT(1) LT(1)
028028 LEAD S2  heart <- 4 T(2) cT(2)
028032 LEAD S2 PreT(1) LT(1)
029056 LEAD S4 app -> 0 next(2) index(1) neT(1) cT(2)
029058 LEAD S4 app -> 2 next(2) index(1) neT(1) cT(2)
029062 LEAD S4 app -> 1 next(2) index(1) neT(1) cT(2)
029065 LEAD S4 app -> 3 next(2) index(1) neT(1) cT(2)
029092 LEAD S2  heart <- 4 T(2) cT(2)
029094 LEAD S2 PreT(1) LT(1)
029096 LEAD S1  heart <- 4 T(2) cT(2)
029099 LEAD S1 PreT(1) LT(1)
029106 LEAD S3  heart <- 4 T(2) cT(2)
029110 LEAD S3 PreT(1) LT(1)
030141 LEAD S4 app -> 0 next(2) index(1) neT(1) cT(2)
030144 LEAD S4 app -> 2 next(2) index(1) neT(1) cT(2)
030157 LEAD S4 app -> 3 next(2) index(1) neT(1) cT(2)
030160 LEAD S4 app -> 1 next(2) index(1) neT(1) cT(2)
030176 LEAD S2  heart <- 4 T(2) cT(2)
030180 LEAD S2 PreT(1) LT(1)
030190 LEAD S3  heart <- 4 T(2) cT(2)
030193 LEAD S3 PreT(1) LT(1)
030199 LEAD S1  heart <- 4 T(2) cT(2)
030201 LEAD S1 PreT(1) LT(1)
031206 LEAD S4 app -> 0 next(2) index(1) neT(1) cT(2)
031207 LEAD S4 app -> 1 next(2) index(1) neT(1) cT(2)
031208 LEAD S4 app -> 2 next(2) index(1) neT(1) cT(2)
031209 LEAD S4 app -> 3 next(2) index(1) neT(1) cT(2)
031215 LEAD S1  heart <- 4 T(2) cT(2)
031215 LEAD S2  heart <- 4 T(2) cT(2)
031216 LEAD S1 PreT(1) LT(1)
031216 LEAD S3  heart <- 4 T(2) cT(2)
031217 LEAD S3 PreT(1) LT(1)
031218 LEAD S2 PreT(1) LT(1)
032288 LEAD S4 app -> 0 next(2) index(1) neT(1) cT(2)
032292 LEAD S4 app -> 2 next(2) index(1) neT(1) cT(2)
032296 LEAD S4 app -> 1 next(2) index(1) neT(1) cT(2)
032298 LEAD S4 app -> 3 next(2) index(1) neT(1) cT(2)
032325 LEAD S2  heart <- 4 T(2) cT(2)
032328 LEAD S2 PreT(1) LT(1)
032330 LEAD S1  heart <- 4 T(2) cT(2)
032331 LEAD S3  heart <- 4 T(2) cT(2)
032332 LEAD S1 PreT(1) LT(1)
032334 LEAD S3 PreT(1) LT(1)
033372 LEAD S4 app -> 0 next(2) index(1) neT(1) cT(2)
033375 LEAD S4 app -> 1 next(2) index(1) neT(1) cT(2)
033376 LEAD S4 app -> 2 next(2) index(1) neT(1) cT(2)
033379 LEAD S4 app -> 3 next(2) index(1) neT(1) cT(2)
033400 LEAD S1  heart <- 4 T(2) cT(2)
033403 LEAD S1 PreT(1) LT(1)
033405 LEAD S2  heart <- 4 T(2) cT(2)
033408 LEAD S2 PreT(1) LT(1)
033421 LEAD S3  heart <- 4 T(2) cT(2)
033425 LEAD S3 PreT(1) LT(1)
034451 LEAD S4 app -> 0 next(2) index(1) neT(1) cT(2)
034454 LEAD S4 app -> 1 next(2) index(1) neT(1) cT(2)
034456 LEAD S4 app -> 3 next(2) index(1) neT(1) cT(2)
034459 LEAD S4 app -> 2 next(2) index(1) neT(1) cT(2)
034485 LEAD S1  heart <- 4 T(2) cT(2)
034487 LEAD S1 PreT(1) LT(1)
034490 LEAD S3  heart <- 4 T(2) cT(2)
034494 LEAD S3 PreT(1) LT(1)
034502 LEAD S2  heart <- 4 T(2) cT(2)
034505 LEAD S2 PreT(1) LT(1)
035535 LEAD S4 app -> 0 next(2) index(1) neT(1) cT(2)
035539 LEAD S4 app -> 2 next(2) index(1) neT(1) cT(2)
035542 LEAD S4 app -> 3 next(2) index(1) neT(1) cT(2)
035545 LEAD S4 app -> 1 next(2) index(1) neT(1) cT(2)
035570 LEAD S3  heart <- 4 T(2) cT(2)
035572 LEAD S3 PreT(1) LT(1)
035576 LEAD S2  heart <- 4 T(2) cT(2)
035579 LEAD S2 PreT(1) LT(1)
035581 LEAD S1  heart <- 4 T(2) cT(2)
035584 LEAD S1 PreT(1) LT(1)
036609 LEAD S4 app -> 0 next(2) index(1) neT(1) cT(2)
036611 LEAD S4 app -> 1 next(2) index(1) neT(1) cT(2)
036614 LEAD S4 app -> 3 next(2) index(1) neT(1) cT(2)
036617 LEAD S4 app -> 2 next(2) index(1) neT(1) cT(2)
036645 LEAD S3  heart <- 4 T(2) cT(2)
036647 LEAD S1  heart <- 4 T(2) cT(2)
036649 LEAD S3 PreT(1) LT(1)
036652 LEAD S1 PreT(1) LT(1)
036658 LEAD S2  heart <- 4 T(2) cT(2)
036662 LEAD S2 PreT(1) LT(1)
037681 LEAD S4 app -> 0 next(2) index(1) neT(1) cT(2)
037684 LEAD S4 app -> 2 next(2) index(1) neT(1) cT(2)
037686 LEAD S4 app -> 3 next(2) index(1) neT(1) cT(2)
037688 LEAD S4 app -> 1 next(2) index(1) neT(1) cT(2)
037713 LEAD S3  heart <- 4 T(2) cT(2)
037715 LEAD S2  heart <- 4 T(2) cT(2)
037717 LEAD S3 PreT(1) LT(1)
037718 LEAD S1  heart <- 4 T(2) cT(2)
037720 LEAD S2 PreT(1) LT(1)
037722 LEAD S1 PreT(1) LT(1)
038774 LEAD S4 app -> 0 next(2) index(1) neT(1) cT(2)
038778 LEAD S4 app -> 1 next(2) index(1) neT(1) cT(2)
038780 LEAD S4 app -> 2 next(2) index(1) neT(1) cT(2)
038783 LEAD S4 app -> 3 next(2) index(1) neT(1) cT(2)
038810 LEAD S1  heart <- 4 T(2) cT(2)
038813 LEAD S1 PreT(1) LT(1)
038819 LEAD S2  heart <- 4 T(2) cT(2)
038822 LEAD S3  heart <- 4 T(2) cT(2)
038824 LEAD S2 PreT(1) LT(1)
038826 LEAD S3 PreT(1) LT(1)
039857 LEAD S4 app -> 0 next(2) index(1) neT(1) cT(2)
039860 LEAD S4 app -> 1 next(2) index(1) neT(1) cT(2)
039864 LEAD S4 app -> 2 next(2) index(1) neT(1) cT(2)
039867 LEAD S4 app -> 3 next(2) index(1) neT(1) cT(2)
039892 LEAD S1  heart <- 4 T(2) cT(2)
039894 LEAD S1 PreT(1) LT(1)
039896 LEAD S2  heart <- 4 T(2) cT(2)
039898 LEAD S2 PreT(1) LT(1)
039906 LEAD S3  heart <- 4 T(2) cT(2)
039910 LEAD S3 PreT(1) LT(1)
040952 LEAD S4 app -> 0 next(2) index(1) neT(1) cT(2)
040956 LEAD S4 app -> 1 next(2) index(1) neT(1) cT(2)
040959 LEAD S4 app -> 3 next(2) index(1) neT(1) cT(2)
040962 LEAD S4 app -> 2 next(2) index(1) neT(1) cT(2)
040981 LEAD S1  heart <- 4 T(2) cT(2)
040984 LEAD S1 PreT(1) LT(1)
040996 LEAD S3  heart <- 4 T(2) cT(2)
040999 LEAD S3 PreT(1) LT(1)
041004 LEAD S2  heart <- 4 T(2) cT(2)
041008 LEAD S2 PreT(1) LT(1)
042011 LEAD S4 app -> 0 next(2) index(1) neT(1) cT(2)
042012 LEAD S4 app -> 3 next(2) index(1) neT(1) cT(2)
042013 LEAD S4 app -> 1 next(2) index(1) neT(1) cT(2)
042014 LEAD S4 app -> 2 next(2) index(1) neT(1) cT(2)
042026 LEAD S3  heart <- 4 T(2) cT(2)
042027 LEAD S3 PreT(1) LT(1)
042028 LEAD S1  heart <- 4 T(2) cT(2)
042030 LEAD S1 PreT(1) LT(1)
042031 LEAD S2  heart <- 4 T(2) cT(2)
042032 LEAD S2 PreT(1) LT(1)
043084 LEAD S4 app -> 0 next(2) index(1) neT(1) cT(2)
043086 LEAD S4 app -> 1 next(2) index(1) neT(1) cT(2)
043089 LEAD S4 app -> 3 next(2) index(1) neT(1) cT(2)
043093 LEAD S4 app -> 2 next(2) index(1) neT(1) cT(2)
043114 LEAD S1  heart <- 4 T(2) cT(2)
043117 LEAD S1 PreT(1) LT(1)
043125 LEAD S3  heart <- 4 T(2) cT(2)
043129 LEAD S3 PreT(1) LT(1)
043131 LEAD S2  heart <- 4 T(2) cT(2)
043134 LEAD S2 PreT(1) LT(1)
044212 LEAD S4 app -> 0 next(2) index(1) neT(1) cT(2)
044215 LEAD S4 app -> 2 next(2) index(1) neT(1) cT(2)
044217 LEAD S4 app -> 3 next(2) index(1) neT(1) cT(2)
044220 LEAD S4 app -> 1 next(2) index(1) neT(1) cT(2)
044246 LEAD S2  heart <- 4 T(2) cT(2)
044249 LEAD S2 PreT(1) LT(1)
044252 LEAD S1  heart <- 4 T(2) cT(2)
044255 LEAD S1 PreT(1) LT(1)
044258 LEAD S3  heart <- 4 T(2) cT(2)
044262 LEAD S3 PreT(1) LT(1)
045324 LEAD S4 app -> 0 next(2) index(1) neT(1) cT(2)
045329 LEAD S4 app -> 1 next(2) index(1) neT(1) cT(2)
045332 LEAD S4 app -> 2 next(2) index(1) neT(1) cT(2)
045336 LEAD S4 app -> 3 next(2) index(1) neT(1) cT(2)
045369 LEAD S1  heart <- 4 T(2) cT(2)
045372 LEAD S2  heart <- 4 T(2) cT(2)
045375 LEAD S2 PreT(1) LT(1)
045377 LEAD S1 PreT(1) LT(1)
045380 LEAD S3  heart <- 4 T(2) cT(2)
045383 LEAD S3 PreT(1) LT(1)
046413 LEAD S4 app -> 0 next(2) index(1) neT(1) cT(2)
046414 LEAD S4 app -> 2 next(2) index(1) neT(1) cT(2)
046416 LEAD S4 app -> 1 next(2) index(1) neT(1) cT(2)
046417 LEAD S4 app -> 3 next(2) index(1) neT(1) cT(2)
046421 LEAD S2  heart <- 4 T(2) cT(2)
046422 LEAD S2 PreT(1) LT(1)
046429 LEAD S1  heart <- 4 T(2) cT(2)
046429 LEAD S3  heart <- 4 T(2) cT(2)
046431 LEAD S3 PreT(1) LT(1)
046431 LEAD S1 PreT(1) LT(1)
047487 LEAD S4 app -> 0 next(2) index(1) neT(1) cT(2)
047490 LEAD S4 app -> 1 next(2) index(1) neT(1) cT(2)
047492 LEAD S4 app -> 2 next(2) index(1) neT(1) cT(2)
047495 LEAD S4 app -> 3 next(2) index(1) neT(1) cT(2)
047514 LEAD S1  heart <- 4 T(2) cT(2)
047517 LEAD S1 PreT(1) LT(1)
047528 LEAD S2  heart <- 4 T(2) cT(2)
047530 LEAD S2 PreT(1) LT(1)
047537 LEAD S3  heart <- 4 T(2) cT(2)
047541 LEAD S3 PreT(1) LT(1)
048565 LEAD S4 app -> 0 next(2) index(1) neT(1) cT(2)
048568 LEAD S4 app -> 2 next(2) index(1) neT(1) cT(2)
048570 LEAD S4 app -> 1 next(2) index(1) neT(1) cT(2)
048573 LEAD S4 app -> 3 next(2) index(1) neT(1) cT(2)
048603 LEAD S2  heart <- 4 T(2) cT(2)
048606 LEAD S3  heart <- 4 T(2) cT(2)
048607 LEAD S1  heart <- 4 T(2) cT(2)
048610 LEAD S2 PreT(1) LT(1)
048612 LEAD S3 PreT(1) LT(1)
048614 LEAD S1 PreT(1) LT(1)
049646 LEAD S4 app -> 0 next(2) index(1) neT(1) cT(2)
049648 LEAD S4 app -> 1 next(2) index(1) neT(1) cT(2)
049651 LEAD S4 app -> 2 next(2) index(1) neT(1) cT(2)
049654 LEAD S4 app -> 3 next(2) index(1) neT(1) cT(2)
049672 LEAD S1  heart <- 4 T(2) cT(2)
049674 LEAD S1 PreT(1) LT(1)
049689 LEAD S2  heart <- 4 T(2) cT(2)
049693 LEAD S2 PreT(1) LT(1)
049697 LEAD S3  heart <- 4 T(2) cT(2)
049701 LEAD S3 PreT(1) LT(1)
050693 LEAD S4 app -> 0 next(2) index(1) neT(1) cT(2)
050695 LEAD S4 app -> 1 next(2) index(1) neT(1) cT(2)
050698 LEAD S4 app -> 2 next(2) index(1) neT(1) cT(2)
050700 LEAD S4 app -> 3 next(2) index(1) neT(1) cT(2)
050721 LEAD S1  heart <- 4 T(2) cT(2)
050723 LEAD S1 PreT(1) LT(1)
050724 LEAD S2  heart <- 4 T(2) cT(2)
050725 LEAD S3  heart <- 4 T(2) cT(2)
050726 LEAD S2 PreT(1) LT(1)
050728 LEAD S3 PreT(1) LT(1)
051770 LEAD S4 app -> 0 next(2) index(1) neT(1) cT(2)
051773 LEAD S4 app -> 1 next(2) index(1) neT(1) cT(2)
051776 LEAD S4 app -> 3 next(2) index(1) neT(1) cT(2)
051779 LEAD S4 app -> 2 next(2) index(1) neT(1) cT(2)
051807 LEAD S1  heart <- 4 T(2) cT(2)
051810 LEAD S1 PreT(1) LT(1)
051812 LEAD S3  heart <- 4 T(2) cT(2)
051816 LEAD S2  heart <- 4 T(2) cT(2)
051819 LEAD S3 PreT(1) LT(1)
051821 LEAD S2 PreT(1) LT(1)
052866 LEAD S4 app -> 0 next(2) index(1) neT(1) cT(2)
052869 LEAD S4 app -> 2 next(2) index(1) neT(1) cT(2)
052872 LEAD S4 app -> 1 next(2) index(1) neT(1) cT(2)
052874 LEAD S4 app -> 3 next(2) index(1) neT(1) cT(2)
052898 LEAD S2  heart <- 4 T(2) cT(2)
052901 LEAD S2 PreT(1) LT(1)
052906 LEAD S1  heart <- 4 T(2) cT(2)
052910 LEAD S1 PreT(1) LT(1)
052911 LEAD S3  heart <- 4 T(2) cT(2)
052915 LEAD S3 PreT(1) LT(1)
053959 LEAD S4 app -> 0 next(2) index(1) neT(1) cT(2)
053963 LEAD S4 app -> 3 next(2) index(1) neT(1) cT(2)
053966 LEAD S4 app -> 1 next(2) index(1) neT(1) cT(2)
053969 LEAD S4 app -> 2 next(2) index(1) neT(1) cT(2)
054000 LEAD S1  heart <- 4 T(2) cT(2)
054003 LEAD S1 PreT(1) LT(1)
054005 LEAD S3  heart <- 4 T(2) cT(2)
054008 LEAD S3 PreT(1) LT(1)
054012 LEAD S2  heart <- 4 T(2) cT(2)
054015 LEAD S2 PreT(1) LT(1)
055049 LEAD S4 app -> 0 next(2) index(1) neT(1) cT(2)
055052 LEAD S4 app -> 2 next(2) index(1) neT(1) cT(2)
055056 LEAD S4 app -> 1 next(2) index(1) neT(1) cT(2)
055059 LEAD S4 app -> 3 next(2) index(1) neT(1) cT(2)
055082 LEAD S2  heart <- 4 T(2) cT(2)
055084 LEAD S2 PreT(1) LT(1)
055092 LEAD S3  heart <- 4 T(2) cT(2)
055094 LEAD S1  heart <- 4 T(2) cT(2)
055096 LEAD S3 PreT(1) LT(1)
055098 LEAD S1 PreT(1) LT(1)
056134 LEAD S4 app -> 0 next(2) index(1) neT(1) cT(2)
056136 LEAD S4 app -> 2 next(2) index(1) neT(1) cT(2)
056139 LEAD S4 app -> 1 next(2) index(1) neT(1) cT(2)
056143 LEAD S4 app -> 3 next(2) index(1) neT(1) cT(2)
056172 LEAD S2  heart <- 4 T(2) cT(2)
056176 LEAD S2 PreT(1) LT(1)
056178 LEAD S1  heart <- 4 T(2) cT(2)
056180 LEAD S3  heart <- 4 T(2) cT(2)
056182 LEAD S1 PreT(1) LT(1)
056184 LEAD S3 PreT(1) LT(1)
057204 LEAD S4 app -> 0 next(2) index(1) neT(1) cT(2)
057207 LEAD S4 app -> 2 next(2) index(1) neT(1) cT(2)
057210 LEAD S4 app -> 1 next(2) index(1) neT(1) cT(2)
057213 LEAD S4 app -> 3 next(2) index(1) neT(1) cT(2)
057236 LEAD S2  heart <- 4 T(2) cT(2)
057239 LEAD S2 PreT(1) LT(1)
057241 LEAD S1  heart <- 4 T(2) cT(2)
057244 LEAD S1 PreT(1) LT(1)
057246 LEAD S3  heart <- 4 T(2) cT(2)
057249 LEAD S3 PreT(1) LT(1)
058301 LEAD S4 app -> 0 next(2) index(1) neT(1) cT(2)
058304 LEAD S4 app -> 2 next(2) index(1) neT(1) cT(2)
058306 LEAD S4 app -> 3 next(2) index(1) neT(1) cT(2)
058309 LEAD S4 app -> 1 next(2) index(1) neT(1) cT(2)
058340 LEAD S1  heart <- 4 T(2) cT(2)
058342 LEAD S3  heart <- 4 T(2) cT(2)
058344 LEAD S2  heart <- 4 T(2) cT(2)
058346 LEAD S1 PreT(1) LT(1)
058347 LEAD S2 PreT(1) LT(1)
058349 LEAD S3 PreT(1) LT(1)
059394 LEAD S4 app -> 0 next(2) index(1) neT(1) cT(2)
059396 LEAD S4 app -> 1 next(2) index(1) neT(1) cT(2)
059400 LEAD S4 app -> 2 next(2) index(1) neT(1) cT(2)
059404 LEAD S4 app -> 3 next(2) index(1) neT(1) cT(2)
059433 LEAD S1  heart <- 4 T(2) cT(2)
059435 LEAD S3  heart <- 4 T(2) cT(2)
059437 LEAD S1 PreT(1) LT(1)
059439 LEAD S2  heart <- 4 T(2) cT(2)
059441 LEAD S3 PreT(1) LT(1)
059443 LEAD S2 PreT(1) LT(1)
060489 LEAD S4 app -> 0 next(2) index(1) neT(1) cT(2)
060492 LEAD S4 app -> 2 next(2) index(1) neT(1) cT(2)
060498 LEAD S4 app -> 1 next(2) index(1) neT(1) cT(2)
060500 LEAD S4 app -> 3 next(2) index(1) neT(1) cT(2)
060524 LEAD S2  heart <- 4 T(2) cT(2)
060526 LEAD S2 PreT(1) LT(1)
060528 LEAD S1  heart <- 4 T(2) cT(2)
060531 LEAD S3  heart <- 4 T(2) cT(2)
060534 LEAD S1 PreT(1) LT(1)
060536 LEAD S3 PreT(1) LT(1)
061578 LEAD S4 app -> 0 next(2) index(1) neT(1) cT(2)
061582 LEAD S4 app -> 1 next(2) index(1) neT(1) cT(2)
061584 LEAD S4 app -> 2 next(2) index(1) neT(1) cT(2)
061586 LEAD S4 app -> 3 next(2) index(1) neT(1) cT(2)
061614 LEAD S1  heart <- 4 T(2) cT(2)
061615 LEAD S3  heart <- 4 T(2) cT(2)
061618 LEAD S1 PreT(1) LT(1)
061619 LEAD S3 PreT(1) LT(1)
061622 LEAD S2  heart <- 4 T(2) cT(2)
061626 LEAD S2 PreT(1) LT(1)
062670 LEAD S4 app -> 0 next(2) index(1) neT(1) cT(2)
062673 LEAD S4 app -> 1 next(2) index(1) neT(1) cT(2)
062676 LEAD S4 app -> 2 next(2) index(1) neT(1) cT(2)
062678 LEAD S4 app -> 3 next(2) index(1) neT(1) cT(2)
062711 LEAD S1  heart <- 4 T(2) cT(2)
062714 LEAD S1 PreT(1) LT(1)
062717 LEAD S2  heart <- 4 T(2) cT(2)
062721 LEAD S3  heart <- 4 T(2) cT(2)
062723 LEAD S2 PreT(1) LT(1)
062725 LEAD S3 PreT(1) LT(1)
063760 LEAD S4 app -> 0 next(2) index(1) neT(1) cT(2)
063763 LEAD S4 app -> 1 next(2) index(1) neT(1) cT(2)
063765 LEAD S4 app -> 2 next(2) index(1) neT(1) cT(2)
063769 LEAD S4 app -> 3 next(2) index(1) neT(1) cT(2)
063792 LEAD S1  heart <- 4 T(2) cT(2)
063794 LEAD S2  heart <- 4 T(2) cT(2)
063796 LEAD S3  heart <- 4 T(2) cT(2)
063798 LEAD S2 PreT(1) LT(1)
063800 LEAD S3 PreT(1) LT(1)
063802 LEAD S1 PreT(1) LT(1)
064857 LEAD S4 app -> 0 next(2) index(1) neT(1) cT(2)
064860 LEAD S4 app -> 1 next(2) index(1) neT(1) cT(2)
064862 LEAD S4 app -> 2 next(2) index(1) neT(1) cT(2)
064865 LEAD S4 app -> 3 next(2) index(1) neT(1) cT(2)
064886 LEAD S1  heart <- 4 T(2) cT(2)
064888 LEAD S2  heart <- 4 T(2) cT(2)
064889 LEAD S1 PreT(1) LT(1)
064891 LEAD S2 PreT(1) LT(1)
064903 LEAD S3  heart <- 4 T(2) cT(2)
064907 LEAD S3 PreT(1) LT(1)
065957 LEAD S4 app -> 0 next(2) index(1) neT(1) cT(2)
065961 LEAD S4 app -> 2 next(2) index(1) neT(1) cT(2)
065963 LEAD S4 app -> 3 next(2) index(1) neT(1) cT(2)
065966 LEAD S4 app -> 1 next(2) index(1) neT(1) cT(2)
065994 LEAD S1  heart <- 4 T(2) cT(2)
065997 LEAD S1 PreT(1) LT(1)
065998 LEAD S2  heart <- 4 T(2) cT(2)
066001 LEAD S2 PreT(1) LT(1)
066006 LEAD S3  heart <- 4 T(2) cT(2)
066009 LEAD S3 PreT(1) LT(1)
067043 LEAD S4 app -> 0 next(2) index(1) neT(1) cT(2)
067047 LEAD S4 app -> 2 next(2) index(1) neT(1) cT(2)
067050 LEAD S4 app -> 1 next(2) index(1) neT(1) cT(2)
067054 LEAD S4 app -> 3 next(2) index(1) neT(1) cT(2)
067072 LEAD S2  heart <- 4 T(2) cT(2)
067074 LEAD S2 PreT(1) LT(1)
067079 LEAD S1  heart <- 4 T(2) cT(2)
067082 LEAD S1 PreT(1) LT(1)
067091 LEAD S3  heart <- 4 T(2) cT(2)
067095 LEAD S3 PreT(1) LT(1)
068142 LEAD S4 app -> 0 next(2) index(1) neT(1) cT(2)
068144 LEAD S4 app -> 2 next(2) index(1) neT(1) cT(2)
068146 LEAD S4 app -> 3 next(2) index(1) neT(1) cT(2)
068149 LEAD S4 app -> 1 next(2) index(1) neT(1) cT(2)
068178 LEAD S2  heart <- 4 T(2) cT(2)
068182 LEAD S2 PreT(1) LT(1)
068184 LEAD S3  heart <- 4 T(2) cT(2)
068186 LEAD S1  heart <- 4 T(2) cT(2)
068188 LEAD S3 PreT(1) LT(1)
068191 LEAD S1 PreT(1) LT(1)
069229 LEAD S4 app -> 0 next(2) index(1) neT(1) cT(2)
069232 LEAD S4 app -> 2 next(2) index(1) neT(1) cT(2)
069233 LEAD S4 app -> 3 next(2) index(1) neT(1) cT(2)
069235 LEAD S4 app -> 1 next(2) index(1) neT(1) cT(2)
069252 LEAD S2  heart <- 4 T(2) cT(2)
069255 LEAD S2 PreT(1) LT(1)
069258 LEAD S1  heart <- 4 T(2) cT(2)
069260 LEAD S1 PreT(1) LT(1)
069261 LEAD S3  heart <- 4 T(2) cT(2)
069263 LEAD S3 PreT(1) LT(1)
070298 LEAD S4 app -> 0 next(2) index(1) neT(1) cT(2)
070300 LEAD S4 app -> 1 next(2) index(1) neT(1) cT(2)
070303 LEAD S4 app -> 3 next(2) index(1) neT(1) cT(2)
070306 LEAD S4 app -> 2 next(2) index(1) neT(1) cT(2)
070335 LEAD S1  heart <- 4 T(2) cT(2)
070337 LEAD S3  heart <- 4 T(2) cT(2)
070341 LEAD S1 PreT(1) LT(1)
070343 LEAD S3 PreT(1) LT(1)
070345 LEAD S2  heart <- 4 T(2) cT(2)
070350 LEAD S2 PreT(1) LT(1)
071407 LEAD S4 app -> 0 next(2) index(1) neT(1) cT(2)
071410 LEAD S4 app -> 2 next(2) index(1) neT(1) cT(2)
071412 LEAD S4 app -> 1 next(2) index(1) neT(1) cT(2)
071416 LEAD S4 app -> 3 next(2) index(1) neT(1) cT(2)
071439 LEAD S2  heart <- 4 T(2) cT(2)
071442 LEAD S2 PreT(1) LT(1)
071450 LEAD S1  heart <- 4 T(2) cT(2)
071454 LEAD S3  heart <- 4 T(2) cT(2)
071457 LEAD S3 PreT(1) LT(1)
071459 LEAD S1 PreT(1) LT(1)
072453 LEAD S4 app -> 0 next(2) index(1) neT(1) cT(2)
072454 LEAD S4 app -> 1 next(2) index(1) neT(1) cT(2)
072456 LEAD S4 app -> 2 next(2) index(1) neT(1) cT(2)
072457 LEAD S4 app -> 3 next(2) index(1) neT(1) cT(2)
072463 LEAD S1  heart <- 4 T(2) cT(2)
072464 LEAD S1 PreT(1) LT(1)
072466 LEAD S2  heart <- 4 T(2) cT(2)
072467 LEAD S3  heart <- 4 T(2) cT(2)
072468 LEAD S3 PreT(1) LT(1)
072468 LEAD S2 PreT(1) LT(1)
073473 LEAD S4 app -> 1 next(2) index(1) neT(1) cT(2)
073474 LEAD S4 app -> 2 next(2) index(1) neT(1) cT(2)
073475 LEAD S4 app -> 0 next(2) index(1) neT(1) cT(2)
073476 LEAD S4 app -> 3 next(2) index(1) neT(1) cT(2)
073479 LEAD S1  heart <- 4 T(2) cT(2)
073479 LEAD S1 PreT(1) LT(1)
073483 LEAD S2  heart <- 4 T(2) cT(2)
073483 LEAD S2 PreT(1) LT(1)
073485 LEAD S3  heart <- 4 T(2) cT(2)
073485 LEAD S3 PreT(1) LT(1)
074507 LEAD S4 app -> 1 next(2) index(1) neT(1) cT(2)
074508 LEAD S4 app -> 3 next(2) index(1) neT(1) cT(2)
074509 LEAD S4 app -> 2 next(2) index(1) neT(1) cT(2)
074511 LEAD S4 app -> 0 next(2) index(1) neT(1) cT(2)
074517 LEAD S1  heart <- 4 T(2) cT(2)
074518 LEAD S1 PreT(1) LT(1)
074518 LEAD S3  heart <- 4 T(2) cT(2)
074519 LEAD S2  heart <- 4 T(2) cT(2)
074520 LEAD S2 PreT(1) LT(1)
074521 LEAD S3 PreT(1) LT(1)
075584 LEAD S4 app -> 0 next(2) index(1) neT(1) cT(2)
075587 LEAD S4 app -> 1 next(2) index(1) neT(1) cT(2)
075591 LEAD S4 app -> 2 next(2) index(1) neT(1) cT(2)
075593 LEAD S4 app -> 3 next(2) index(1) neT(1) cT(2)
075613 LEAD S1  heart <- 4 T(2) cT(2)
075616 LEAD S1 PreT(1) LT(1)
075618 LEAD S2  heart <- 4 T(2) cT(2)
075621 LEAD S2 PreT(1) LT(1)
075634 LEAD S3  heart <- 4 T(2) cT(2)
075638 LEAD S3 PreT(1) LT(1)
076689 LEAD S4 app -> 0 next(2) index(1) neT(1) cT(2)
076693 LEAD S4 app -> 1 next(2) index(1) neT(1) cT(2)
076696 LEAD S4 app -> 2 next(2) index(1) neT(1) cT(2)
076699 LEAD S4 app -> 3 next(2) index(1) neT(1) cT(2)
076719 LEAD S1  heart <- 4 T(2) cT(2)
076722 LEAD S1 PreT(1) LT(1)
076728 LEAD S2  heart <- 4 T(2) cT(2)
076730 LEAD S2 PreT(1) LT(1)
076740 LEAD S3  heart <- 4 T(2) cT(2)
076745 LEAD S3 PreT(1) LT(1)
077760 LEAD S4 app -> 0 next(2) index(1) neT(1) cT(2)
077762 LEAD S4 app -> 1 next(2) index(1) neT(1) cT(2)
077765 LEAD S4 app -> 3 next(2) index(1) neT(1) cT(2)
077768 LEAD S4 app -> 2 next(2) index(1) neT(1) cT(2)
077794 LEAD S3  heart <- 4 T(2) cT(2)
077796 LEAD S3 PreT(1) LT(1)
077798 LEAD S2  heart <- 4 T(2) cT(2)
077801 LEAD S2 PreT(1) LT(1)
077803 LEAD S1  heart <- 4 T(2) cT(2)
077807 LEAD S1 PreT(1) LT(1)
078876 LEAD S4 app -> 0 next(2) index(1) neT(1) cT(2)
078880 LEAD S4 app -> 1 next(2) index(1) neT(1) cT(2)
078883 LEAD S4 app -> 2 next(2) index(1) neT(1) cT(2)
078886 LEAD S4 app -> 3 next(2) index(1) neT(1) cT(2)
078904 LEAD S1  heart <- 4 T(2) cT(2)
078907 LEAD S1 PreT(1) LT(1)
078919 LEAD S2  heart <- 4 T(2) cT(2)
078923 LEAD S2 PreT(1) LT(1)
078926 LEAD S3  heart <- 4 T(2) cT(2)
078930 LEAD S3 PreT(1) LT(1)
079968 LEAD S4 app -> 0 next(2) index(1) neT(1) cT(2)
079971 LEAD S4 app -> 2 next(2) index(1) neT(1) cT(2)
079975 LEAD S4 app -> 1 next(2) index(1) neT(1) cT(2)
079978 LEAD S4 app -> 3 next(2) index(1) neT(1) cT(2)
080000 LEAD S2  heart <- 4 T(2) cT(2)
080002 LEAD S2 PreT(1) LT(1)
080005 LEAD S1  heart <- 4 T(2) cT(2)
080008 LEAD S1 PreT(1) LT(1)
080019 LEAD S3  heart <- 4 T(2) cT(2)
080022 LEAD S3 PreT(1) LT(1)
081069 LEAD S4 app -> 0 next(2) index(1) neT(1) cT(2)
081071 LEAD S4 app -> 1 next(2) index(1) neT(1) cT(2)
081074 LEAD S4 app -> 2 next(2) index(1) neT(1) cT(2)
081077 LEAD S4 app -> 3 next(2) index(1) neT(1) cT(2)
081100 LEAD S1  heart <- 4 T(2) cT(2)
081102 LEAD S1 PreT(1) LT(1)
081108 LEAD S3  heart <- 4 T(2) cT(2)
081111 LEAD S3 PreT(1) LT(1)
081113 LEAD S2  heart <- 4 T(2) cT(2)
081117 LEAD S2 PreT(1) LT(1)
082188 LEAD S4 app -> 0 next(2) index(1) neT(1) cT(2)
082191 LEAD S4 app -> 1 next(2) index(1) neT(1) cT(2)
082196 LEAD S4 app -> 3 next(2) index(1) neT(1) cT(2)
082198 LEAD S4 app -> 2 next(2) index(1) neT(1) cT(2)
082226 LEAD S1  heart <- 4 T(2) cT(2)
082229 LEAD S1 PreT(1) LT(1)
082234 LEAD S3  heart <- 4 T(2) cT(2)
082237 LEAD S2  heart <- 4 T(2) cT(2)
082240 LEAD S3 PreT(1) LT(1)
082243 LEAD S2 PreT(1) LT(1)
083293 LEAD S4 app -> 0 next(2) index(1) neT(1) cT(2)
083296 LEAD S4 app -> 1 next(2) index(1) neT(1) cT(2)
083299 LEAD S4 app -> 2 next(2) index(1) neT(1) cT(2)
083307 LEAD S4 app -> 3 next(2) index(1) neT(1) cT(2)
083334 LEAD S2  heart <- 4 T(2) cT(2)
083337 LEAD S1  heart <- 4 T(2) cT(2)
083341 LEAD S2 PreT(1) LT(1)
083344 LEAD S3  heart <- 4 T(2) cT(2)
083346 LEAD S1 PreT(1) LT(1)
083349 LEAD S3 PreT(1) LT(1)
084407 LEAD S4 app -> 0 next(2) index(1) neT(1) cT(2)
084409 LEAD S4 app -> 1 next(2) index(1) neT(1) cT(2)
084411 LEAD S4 app -> 3 next(2) index(1) neT(1) cT(2)
084414 LEAD S4 app -> 2 next(2) index(1) neT(1) cT(2)
084470 LEAD S1  heart <- 4 T(2) cT(2)
084474 LEAD S1 PreT(1) LT(1)
084477 LEAD S3  heart <- 4 T(2) cT(2)
084480 LEAD S3 PreT(1) LT(1)
084485 LEAD S2  heart <- 4 T(2) cT(2)
084489 LEAD S2 PreT(1) LT(1)
085574 LEAD S4 app -> 0 next(2) index(1) neT(1) cT(2)
085577 LEAD S4 app -> 2 next(2) index(1) neT(1) cT(2)
085581 LEAD S4 app -> 1 next(2) index(1) neT(1) cT(2)
085585 LEAD S4 app -> 3 next(2) index(1) neT(1) cT(2)
085605 LEAD S2  heart <- 4 T(2) cT(2)
085607 LEAD S2 PreT(1) LT(1)
085616 LEAD S3  heart <- 4 T(2) cT(2)
085619 LEAD S3 PreT(1) LT(1)
085621 LEAD S1  heart <- 4 T(2) cT(2)
085625 LEAD S1 PreT(1) LT(1)
086734 LEAD S4 app -> 0 next(2) index(1) neT(1) cT(2)
086738 LEAD S4 app -> 1 next(2) index(1) neT(1) cT(2)
086741 LEAD S4 app -> 2 next(2) index(1) neT(1) cT(2)
086745 LEAD S4 app -> 3 next(2) index(1) neT(1) cT(2)
086774 LEAD S1  heart <- 4 T(2) cT(2)
086778 LEAD S1 PreT(1) LT(1)
086781 LEAD S2  heart <- 4 T(2) cT(2)
086783 LEAD S3  heart <- 4 T(2) cT(2)
086785 LEAD S2 PreT(1) LT(1)
086787 LEAD S3 PreT(1) LT(1)
087857 LEAD S4 app -> 0 next(2) index(1) neT(1) cT(2)
087861 LEAD S4 app -> 1 next(2) index(1) neT(1) cT(2)
087863 LEAD S4 app -> 3 next(2) index(1) neT(1) cT(2)
087867 LEAD S4 app -> 2 next(2) index(1) neT(1) cT(2)
087888 LEAD S1  heart <- 4 T(2) cT(2)
087890 LEAD S3  heart <- 4 T(2) cT(2)
087893 LEAD S1 PreT(1) LT(1)
087895 LEAD S3 PreT(1) LT(1)
087905 LEAD S2  heart <- 4 T(2) cT(2)
087909 LEAD S2 PreT(1) LT(1)
088955 LEAD S4 app -> 0 next(2) index(1) neT(1) cT(2)
088959 LEAD S4 app -> 1 next(2) index(1) neT(1) cT(2)
088963 LEAD S4 app -> 2 next(2) index(1) neT(1) cT(2)
088966 LEAD S4 app -> 3 next(2) index(1) neT(1) cT(2)
088986 LEAD S1  heart <- 4 T(2) cT(2)
088988 LEAD S1 PreT(1) LT(1)
089000 LEAD S3  heart <- 4 T(2) cT(2)
089003 LEAD S3 PreT(1) LT(1)
089005 LEAD S2  heart <- 4 T(2) cT(2)
089008 LEAD S2 PreT(1) LT(1)
090071 LEAD S4 app -> 0 next(2) index(1) neT(1) cT(2)
090074 LEAD S4 app -> 1 next(2) index(1) neT(1) cT(2)
090076 LEAD S4 app -> 3 next(2) index(1) neT(1) cT(2)
090079 LEAD S4 app -> 2 next(2) index(1) neT(1) cT(2)
090102 LEAD S1  heart <- 4 T(2) cT(2)
090105 LEAD S3  heart <- 4 T(2) cT(2)
090108 LEAD S3 PreT(1) LT(1)
090112 LEAD S1 PreT(1) LT(1)
090116 LEAD S2  heart <- 4 T(2) cT(2)
090120 LEAD S2 PreT(1) LT(1)
091193 LEAD S4 app -> 0 next(2) index(1) neT(1) cT(2)
091196 LEAD S4 app -> 1 next(2) index(1) neT(1) cT(2)
091199 LEAD S4 app -> 3 next(2) index(1) neT(1) cT(2)
091201 LEAD S4 app -> 2 next(2) index(1) neT(1) cT(2)
091223 LEAD S1  heart <- 4 T(2) cT(2)
091225 LEAD S1 PreT(1) LT(1)
091226 LEAD S3  heart <- 4 T(2) cT(2)
091230 LEAD S3 PreT(1) LT(1)
091241 LEAD S2  heart <- 4 T(2) cT(2)
091245 LEAD S2 PreT(1) LT(1)
092310 LEAD S4 app -> 0 next(2) index(1) neT(1) cT(2)
092314 LEAD S4 app -> 1 next(2) index(1) neT(1) cT(2)
092316 LEAD S4 app -> 2 next(2) index(1) neT(1) cT(2)
092318 LEAD S4 app -> 3 next(2) index(1) neT(1) cT(2)
092343 LEAD S1  heart <- 4 T(2) cT(2)
092346 LEAD S1 PreT(1) LT(1)
092353 LEAD S2  heart <- 4 T(2) cT(2)
092356 LEAD S3  heart <- 4 T(2) cT(2)
092358 LEAD S2 PreT(1) LT(1)
092360 LEAD S3 PreT(1) LT(1)
093429 LEAD S4 app -> 0 next(2) index(1) neT(1) cT(2)
093432 LEAD S4 app -> 1 next(2) index(1) neT(1) cT(2)
093435 LEAD S4 app -> 2 next(2) index(1) neT(1) cT(2)
093438 LEAD S4 app -> 3 next(2) index(1) neT(1) cT(2)
093461 LEAD S1  heart <- 4 T(2) cT(2)
093464 LEAD S1 PreT(1) LT(1)
093469 LEAD S2  heart <- 4 T(2) cT(2)
093471 LEAD S2 PreT(1) LT(1)
093481 LEAD S3  heart <- 4 T(2) cT(2)
093485 LEAD S3 PreT(1) LT(1)
094557 LEAD S4 app -> 0 next(2) index(1) neT(1) cT(2)
094561 LEAD S4 app -> 1 next(2) index(1) neT(1) cT(2)
094564 LEAD S4 app -> 2 next(2) index(1) neT(1) cT(2)
094567 LEAD S4 app -> 3 next(2) index(1) neT(1) cT(2)
094596 LEAD S1  heart <- 4 T(2) cT(2)
094600 LEAD S1 PreT(1) LT(1)
094603 LEAD S2  heart <- 4 T(2) cT(2)
094605 LEAD S2 PreT(1) LT(1)
094607 LEAD S3  heart <- 4 T(2) cT(2)
094611 LEAD S3 PreT(1) LT(1)
095668 LEAD S4 app -> 0 next(2) index(1) neT(1) cT(2)
095672 LEAD S4 app -> 2 next(2) index(1) neT(1) cT(2)
095675 LEAD S4 app -> 1 next(2) index(1) neT(1) cT(2)
095679 LEAD S4 app -> 3 next(2) index(1) neT(1) cT(2)
095703 LEAD S2  heart <- 4 T(2) cT(2)
095705 LEAD S2 PreT(1) LT(1)
095707 LEAD S1  heart <- 4 T(2) cT(2)
095710 LEAD S1 PreT(1) LT(1)
095717 LEAD S3  heart <- 4 T(2) cT(2)
095722 LEAD S3 PreT(1) LT(1)
096781 LEAD S4 app -> 0 next(2) index(1) neT(1) cT(2)
096784 LEAD S4 app -> 1 next(2) index(1) neT(1) cT(2)
096786 LEAD S4 app -> 2 next(2) index(1) neT(1) cT(2)
096788 LEAD S4 app -> 3 next(2) index(1) neT(1) cT(2)
096811 LEAD S2  heart <- 4 T(2) cT(2)
096814 LEAD S2 PreT(1) LT(1)
096815 LEAD S1  heart <- 4 T(2) cT(2)
096819 LEAD S1 PreT(1) LT(1)
096827 LEAD S3  heart <- 4 T(2) cT(2)
096830 LEAD S3 PreT(1) LT(1)
097894 LEAD S4 app -> 0 next(2) index(1) neT(1) cT(2)
097897 LEAD S4 app -> 1 next(2) index(1) neT(1) cT(2)
097901 LEAD S4 app -> 3 next(2) index(1) neT(1) cT(2)
097904 LEAD S4 app -> 2 next(2) index(1) neT(1) cT(2)
097926 LEAD S1  heart <- 4 T(2) cT(2)
097929 LEAD S1 PreT(1) LT(1)
097938 LEAD S3  heart <- 4 T(2) cT(2)
097940 LEAD S2  heart <- 4 T(2) cT(2)
097943 LEAD S3 PreT(1) LT(1)
097945 LEAD S2 PreT(1) LT(1)
099011 LEAD S4 app -> 0 next(2) index(1) neT(1) cT(2)
099014 LEAD S4 app -> 1 next(2) index(1) neT(1) cT(2)
099017 LEAD S4 app -> 2 next(2) index(1) neT(1) cT(2)
099021 LEAD S4 app -> 3 next(2) index(1) neT(1) cT(2)
099050 LEAD S1  heart <- 4 T(2) cT(2)
099054 LEAD S1 PreT(1) LT(1)
099058 LEAD S3  heart <- 4 T(2) cT(2)
099061 LEAD S2  heart <- 4 T(2) cT(2)
099062 LEAD S3 PreT(1) LT(1)
099065 LEAD S2 PreT(1) LT(1)
100156 LEAD S4 app -> 0 next(2) index(1) neT(1) cT(2)
100159 LEAD S4 app -> 2 next(2) index(1) neT(1) cT(2)
100162 LEAD S4 app -> 1 next(2) index(1) neT(1) cT(2)
100165 LEAD S4 app -> 3 next(2) index(1) neT(1) cT(2)
100194 LEAD S2  heart <- 4 T(2) cT(2)
100197 LEAD S2 PreT(1) LT(1)
100198 LEAD S1  heart <- 4 T(2) cT(2)
100203 LEAD S1 PreT(1) LT(1)
100205 LEAD S3  heart <- 4 T(2) cT(2)
100208 LEAD S3 PreT(1) LT(1)
101272 LEAD S4 app -> 0 next(2) index(1) neT(1) cT(2)
101275 LEAD S4 app -> 1 next(2) index(1) neT(1) cT(2)
101278 LEAD S4 app -> 3 next(2) index(1) neT(1) cT(2)
101281 LEAD S4 app -> 2 next(2) index(1) neT(1) cT(2)
101301 LEAD S1  heart <- 4 T(2) cT(2)
101303 LEAD S1 PreT(1) LT(1)
101310 LEAD S3  heart <- 4 T(2) cT(2)
101313 LEAD S2  heart <- 4 T(2) cT(2)
101315 LEAD S3 PreT(1) LT(1)
101316 LEAD S2 PreT(1) LT(1)
102377 LEAD S4 app -> 0 next(2) index(1) neT(1) cT(2)
102379 LEAD S4 app -> 1 next(2) index(1) neT(1) cT(2)
102382 LEAD S4 app -> 2 next(2) index(1) neT(1) cT(2)
102386 LEAD S4 app -> 3 next(2) index(1) neT(1) cT(2)
102409 LEAD S1  heart <- 4 T(2) cT(2)
102413 LEAD S2  heart <- 4 T(2) cT(2)
102416 LEAD S1 PreT(1) LT(1)
102419 LEAD S2 PreT(1) LT(1)
102428 LEAD S3  heart <- 4 T(2) cT(2)
102432 LEAD S3 PreT(1) LT(1)
103437 LEAD S4 app -> 0 next(2) index(1) neT(1) cT(2)
103439 LEAD S4 app -> 3 next(2) index(1) neT(1) cT(2)
103440 LEAD S4 app -> 1 next(2) index(1) neT(1) cT(2)
103441 LEAD S4 app -> 2 next(2) index(1) neT(1) cT(2)
103449 LEAD S3  heart <- 4 T(2) cT(2)
103450 LEAD S1  heart <- 4 T(2) cT(2)
103450 LEAD S2  heart <- 4 T(2) cT(2)
103451 LEAD S3 PreT(1) LT(1)
103451 LEAD S2 PreT(1) LT(1)
103452 LEAD S1 PreT(1) LT(1)
104511 LEAD S4 app -> 0 next(2) index(1) neT(1) cT(2)
104514 LEAD S4 app -> 2 next(2) index(1) neT(1) cT(2)
104516 LEAD S4 app -> 3 next(2) index(1) neT(1) cT(2)
104519 LEAD S4 app -> 1 next(2) index(1) neT(1) cT(2)
104540 LEAD S2  heart <- 4 T(2) cT(2)
104541 LEAD S3  heart <- 4 T(2) cT(2)
104543 LEAD S2 PreT(1) LT(1)
104544 LEAD S3 PreT(1) LT(1)
104551 LEAD S1  heart <- 4 T(2) cT(2)
104553 LEAD S1 PreT(1) LT(1)
105625 LEAD S4 app -> 0 next(2) index(1) neT(1) cT(2)
105628 LEAD S4 app -> 1 next(2) index(1) neT(1) cT(2)
105631 LEAD S4 app -> 3 next(2) index(1) neT(1) cT(2)
105634 LEAD S4 app -> 2 next(2) index(1) neT(1) cT(2)
105656 LEAD S1  heart <- 4 T(2) cT(2)
105659 LEAD S1 PreT(1) LT(1)
105665 LEAD S3  heart <- 4 T(2) cT(2)
105668 LEAD S3 PreT(1) LT(1)
105676 LEAD S2  heart <- 4 T(2) cT(2)
105680 LEAD S2 PreT(1) LT(1)
106723 LEAD S4 app -> 0 next(2) index(1) neT(1) cT(2)
106724 LEAD S4 app -> 2 next(2) index(1) neT(1) cT(2)
106725 LEAD S4 app -> 1 next(2) index(1) neT(1) cT(2)
106726 LEAD S4 app -> 3 next(2) index(1) neT(1) cT(2)
106732 LEAD S2  heart <- 4 T(2) cT(2)
106732 LEAD S2 PreT(1) LT(1)
106735 LEAD S1  heart <- 4 T(2) cT(2)
106736 LEAD S1 PreT(1) LT(1)
106737 LEAD S3  heart <- 4 T(2) cT(2)
106737 LEAD S3 PreT(1) LT(1)
107805 LEAD S4 app -> 0 next(2) index(1) neT(1) cT(2)
107808 LEAD S4 app -> 1 next(2) index(1) neT(1) cT(2)
107816 LEAD S4 app -> 2 next(2) index(1) neT(1) cT(2)
107819 LEAD S4 app -> 3 next(2) index(1) neT(1) cT(2)
107845 LEAD S1  heart <- 4 T(2) cT(2)
107849 LEAD S1 PreT(1) LT(1)
107856 LEAD S2  heart <- 4 T(2) cT(2)
107858 LEAD S3  heart <- 4 T(2) cT(2)
107860 LEAD S2 PreT(1) LT(1)
107862 LEAD S3 PreT(1) LT(1)
108945 LEAD S4 app -> 0 next(2) index(1) neT(1) cT(2)
108948 LEAD S4 app -> 2 next(2) index(1) neT(1) cT(2)
108951 LEAD S4 app -> 3 next(2) index(1) neT(1) cT(2)
108954 LEAD S4 app -> 1 next(2) index(1) neT(1) cT(2)
108982 LEAD S3  heart <- 4 T(2) cT(2)
108985 LEAD S2  heart <- 4 T(2) cT(2)
108987 LEAD S3 PreT(1) LT(1)
108989 LEAD S2 PreT(1) LT(1)
108994 LEAD S1  heart <- 4 T(2) cT(2)
108998 LEAD S1 PreT(1) LT(1)
110078 LEAD S4 app -> 0 next(2) index(1) neT(1) cT(2)
110081 LEAD S4 app -> 1 next(2) index(1) neT(1) cT(2)
110084 LEAD S4 app -> 3 next(2) index(1) neT(1) cT(2)
110087 LEAD S4 app -> 2 next(2) index(1) neT(1) cT(2)
110117 LEAD S3  heart <- 4 T(2) cT(2)
110119 LEAD S1  heart <- 4 T(2) cT(2)
110123 LEAD S3 PreT(1) LT(1)
110125 LEAD S2  heart <- 4 T(2) cT(2)
110127 LEAD S1 PreT(1) LT(1)
110129 LEAD S2 PreT(1) LT(1)
111219 LEAD S4 app -> 0 next(2) index(1) neT(1) cT(2)
111222 LEAD S4 app -> 2 next(2) index(1) neT(1) cT(2)
111226 LEAD S4 app -> 1 next(2) index(1) neT(1) cT(2)
111234 LEAD S4 app -> 3 next(2) index(1) neT(1) cT(2)
111246 LEAD S2  heart <- 4 T(2) cT(2)
111248 LEAD S2 PreT(1) LT(1)
111266 LEAD S1  heart <- 4 T(2) cT(2)
111269 LEAD S3  heart <- 4 T(2) cT(2)
111270 LEAD S1 PreT(1) LT(1)
111273 LEAD S3 PreT(1) LT(1)
112374 LEAD S4 app -> 0 next(2) index(1) neT(1) cT(2)
112377 LEAD S4 app -> 1 next(2) index(1) neT(1) cT(2)
112380 LEAD S4 app -> 3 next(2) index(1) neT(1) cT(2)
112383 LEAD S4 app -> 2 next(2) index(1) neT(1) cT(2)
112407 LEAD S3  heart <- 4 T(2) cT(2)
112410 LEAD S1  heart <- 4 T(2) cT(2)
112412 LEAD S1 PreT(1) LT(1)
112414 LEAD S3 PreT(1) LT(1)
112422 LEAD S2  heart <- 4 T(2) cT(2)
112425 LEAD S2 PreT(1) LT(1)
113538 LEAD S4 app -> 0 next(2) index(1) neT(1) cT(2)
113542 LEAD S4 app -> 2 next(2) index(1) neT(1) cT(2)
113546 LEAD S4 app -> 3 next(2) index(1) neT(1) cT(2)
113550 LEAD S4 app -> 1 next(2) index(1) neT(1) cT(2)
113571 LEAD S2  heart <- 4 T(2) cT(2)
113574 LEAD S2 PreT(1) LT(1)
113579 LEAD S3  heart <- 4 T(2) cT(2)
113582 LEAD S1  heart <- 4 T(2) cT(2)
113584 LEAD S3 PreT(1) LT(1)
113586 LEAD S1 PreT(1) LT(1)
114635 LEAD S4 app -> 0 next(2) index(1) neT(1) cT(2)
114636 LEAD S4 app -> 2 next(2) index(1) neT(1) cT(2)
114637 LEAD S4 app -> 3 next(2) index(1) neT(1) cT(2)
114638 LEAD S4 app -> 1 next(2) index(1) neT(1) cT(2)
114647 LEAD S2  heart <- 4 T(2) cT(2)
114648 LEAD S3  heart <- 4 T(2) cT(2)
114648 LEAD S2 PreT(1) LT(1)
114649 LEAD S3 PreT(1) LT(1)
114649 LEAD S1  heart <- 4 T(2) cT(2)
114650 LEAD S1 PreT(1) LT(1)
115700 LEAD S4 app -> 0 next(2) index(1) neT(1) cT(2)
115702 LEAD S4 app -> 1 next(2) index(1) neT(1) cT(2)
115704 LEAD S4 app -> 2 next(2) index(1) neT(1) cT(2)
115706 LEAD S4 app -> 3 next(2) index(1) neT(1) cT(2)
115725 LEAD S1  heart <- 4 T(2) cT(2)
115727 LEAD S1 PreT(1) LT(1)
115730 LEAD S2  heart <- 4 T(2) cT(2)
115732 LEAD S2 PreT(1) LT(1)
115734 LEAD S3  heart <- 4 T(2) cT(2)
115737 LEAD S3 PreT(1) LT(1)
116798 LEAD S4 app -> 0 next(2) index(1) neT(1) cT(2)
116801 LEAD S4 app -> 1 next(2) index(1) neT(1) cT(2)
116803 LEAD S4 app -> 3 next(2) index(1) neT(1) cT(2)
116807 LEAD S4 app -> 2 next(2) index(1) neT(1) cT(2)
116839 LEAD S1  heart <- 4 T(2) cT(2)
116842 LEAD S3  heart <- 4 T(2) cT(2)
116845 LEAD S1 PreT(1) LT(1)
116847 LEAD S3 PreT(1) LT(1)
116849 LEAD S2  heart <- 4 T(2) cT(2)
116853 LEAD S2 PreT(1) LT(1)
117920 LEAD S4 app -> 0 next(2) index(1) neT(1) cT(2)
117922 LEAD S4 app -> 2 next(2) index(1) neT(1) cT(2)
117925 LEAD S4 app -> 1 next(2) index(1) neT(1) cT(2)
117928 LEAD S4 app -> 3 next(2) index(1) neT(1) cT(2)
117945 LEAD S2  heart <- 4 T(2) cT(2)
117948 LEAD S3  heart <- 4 T(2) cT(2)
117949 LEAD S1  heart <- 4 T(2) cT(2)
117951 LEAD S2 PreT(1) LT(1)
117953 LEAD S3 PreT(1) LT(1)
117955 LEAD S1 PreT(1) LT(1)
119041 LEAD S4 app -> 0 next(2) index(1) neT(1) cT(2)
119043 LEAD S4 app -> 2 next(2) index(1) neT(1) cT(2)
119046 LEAD S4 app -> 3 next(2) index(1) neT(1) cT(2)
119050 LEAD S4 app -> 1 next(2) index(1) neT(1) cT(2)
119074 LEAD S2  heart <- 4 T(2) cT(2)
119077 LEAD S2 PreT(1) LT(1)
119080 LEAD S3  heart <- 4 T(2) cT(2)
119083 LEAD S3 PreT(1) LT(1)
119100 LEAD S1  heart <- 4 T(2) cT(2)
119104 LEAD S1 PreT(1) LT(1)
120177 LEAD S4 app -> 0 next(2) index(1) neT(1) cT(2)
120180 LEAD S4 app -> 1 next(2) index(1) neT(1) cT(2)
120184 LEAD S4 app -> 2 next(2) index(1) neT(1) cT(2)
120187 LEAD S4 app -> 3 next(2) index(1) neT(1) cT(2)
120229 LEAD S3  heart <- 4 T(2) cT(2)
120231 LEAD S2  heart <- 4 T(2) cT(2)
120234 LEAD S2 PreT(1) LT(1)
120235 LEAD S1  heart <- 4 T(2) cT(2)
120238 LEAD S3 PreT(1) LT(1)
120240 LEAD S1 PreT(1) LT(1)
121330 LEAD S4 app -> 0 next(2) index(1) neT(1) cT(2)
121333 LEAD S4 app -> 1 next(2) index(1) neT(1) cT(2)
121337 LEAD S4 app -> 3 next(2) index(1) neT(1) cT(2)
121340 LEAD S4 app -> 2 next(2) index(1) neT(1) cT(2)
121367 LEAD S1  heart <- 4 T(2) cT(2)
121370 LEAD S1 PreT(1) LT(1)
121376 LEAD S2  heart <- 4 T(2) cT(2)
121379 LEAD S3  heart <- 4 T(2) cT(2)
121381 LEAD S2 PreT(1) LT(1)
121384 LEAD S3 PreT(1) LT(1)
122441 LEAD S4 app -> 0 next(2) index(1) neT(1) cT(2)
122445 LEAD S4 app -> 2 next(2) index(1) neT(1) cT(2)
122449 LEAD S4 app -> 1 next(2) index(1) neT(1) cT(2)
122452 LEAD S4 app -> 3 next(2) index(1) neT(1) cT(2)
122486 LEAD S1  heart <- 4 T(2) cT(2)
122488 LEAD S3  heart <- 4 T(2) cT(2)
122491 LEAD S1 PreT(1) LT(1)
122492 LEAD S2  heart <- 4 T(2) cT(2)
122495 LEAD S3 PreT(1) LT(1)
122498 LEAD S2 PreT(1) LT(1)
123564 LEAD S4 app -> 0 next(2) index(1) neT(1) cT(2)
123567 LEAD S4 app -> 1 next(2) index(1) neT(1) cT(2)
123570 LEAD S4 app -> 3 next(2) index(1) neT(1) cT(2)
123577 LEAD S4 app -> 2 next(2) index(1) neT(1) cT(2)
123595 LEAD S1  heart <- 4 T(2) cT(2)
123599 LEAD S1 PreT(1) LT(1)
123605 LEAD S3  heart <- 4 T(2) cT(2)
123608 LEAD S3 PreT(1) LT(1)
123615 LEAD S2  heart <- 4 T(2) cT(2)
123619 LEAD S2 PreT(1) LT(1)
124713 LEAD S4 app -> 0 next(2) index(1) neT(1) cT(2)
124716 LEAD S4 app -> 1 next(2) index(1) neT(1) cT(2)
124718 LEAD S4 app -> 3 next(2) index(1) neT(1) cT(2)
124722 LEAD S4 app -> 2 next(2) index(1) neT(1) cT(2)
124746 LEAD S1  heart <- 4 T(2) cT(2)
124750 LEAD S1 PreT(1) LT(1)
124759 LEAD S2  heart <- 4 T(2) cT(2)
124762 LEAD S3  heart <- 4 T(2) cT(2)
124764 LEAD S3 PreT(1) LT(1)
124766 LEAD S2 PreT(1) LT(1)
125824 LEAD S4 app -> 0 next(2) index(1) neT(1) cT(2)
125827 LEAD S4 app -> 2 next(2) index(1) neT(1) cT(2)
125829 LEAD S4 app -> 3 next(2) index(1) neT(1) cT(2)
125836 LEAD S4 app -> 1 next(2) index(1) neT(1) cT(2)
125857 LEAD S3  heart <- 4 T(2) cT(2)
125859 LEAD S3 PreT(1) LT(1)
125861 LEAD S1  heart <- 4 T(2) cT(2)
125864 LEAD S2  heart <- 4 T(2) cT(2)
125867 LEAD S1 PreT(1) LT(1)
125870 LEAD S2 PreT(1) LT(1)
126932 LEAD S4 app -> 0 next(2) index(1) neT(1) cT(2)
126933 LEAD S4 app -> 3 next(2) index(1) neT(1) cT(2)
126934 LEAD S4 app -> 1 next(2) index(1) neT(1) cT(2)
126937 LEAD S4 app -> 2 next(2) index(1) neT(1) cT(2)
126941 LEAD S3  heart <- 4 T(2) cT(2)
126942 LEAD S3 PreT(1) LT(1)
126945 LEAD S1  heart <- 4 T(2) cT(2)
126945 LEAD S2  heart <- 4 T(2) cT(2)
126946 LEAD S1 PreT(1) LT(1)
126946 LEAD S2 PreT(1) LT(1)
127967 LEAD S4 app -> 1 next(2) index(1) neT(1) cT(2)
127974 LEAD S4 app -> 0 next(2) index(1) neT(1) cT(2)
127980 LEAD S4 app -> 2 next(2) index(1) neT(1) cT(2)
127983 LEAD S1  heart <- 4 T(2) cT(2)
127984 LEAD S1 PreT(1) LT(1)
127988 LEAD S4 app -> 3 next(2) index(1) neT(1) cT(2)
127998 LEAD S2  heart <- 4 T(2) cT(2)
128000 LEAD S2 PreT(1) LT(1)
128002 LEAD S3  heart <- 4 T(2) cT(2)
128004 LEAD S3 PreT(1) LT(1)
129003 LEAD S4 app -> 0 next(2) index(1) neT(1) cT(2)
129004 LEAD S4 app -> 1 next(2) index(1) neT(1) cT(2)
129005 LEAD S4 app -> 2 next(2) index(1) neT(1) cT(2)
129006 LEAD S4 app -> 3 next(2) index(1) neT(1) cT(2)
129013 LEAD S1  heart <- 4 T(2) cT(2)
129014 LEAD S1 PreT(1) LT(1)
129017 LEAD S3  heart <- 4 T(2) cT(2)
129018 LEAD S3 PreT(1) LT(1)
129019 LEAD S2  heart <- 4 T(2) cT(2)
129020 LEAD S2 PreT(1) LT(1)
130013 LEAD S4 app -> 0 next(2) index(1) neT(1) cT(2)
130014 LEAD S4 app -> 3 next(2) index(1) neT(1) cT(2)
130016 LEAD S4 app -> 1 next(2) index(1) neT(1) cT(2)
130017 LEAD S4 app -> 2 next(2) index(1) neT(1) cT(2)
130026 LEAD S3  heart <- 4 T(2) cT(2)
130027 LEAD S3 PreT(1) LT(1)
130028 LEAD S1  heart <- 4 T(2) cT(2)
130029 LEAD S1 PreT(1) LT(1)
130030 LEAD S2  heart <- 4 T(2) cT(2)
130031 LEAD S2 PreT(1) LT(1)
131070 LEAD S4 app -> 0 next(2) index(1) neT(1) cT(2)
131071 LEAD S4 app -> 3 next(2) index(1) neT(1) cT(2)
131072 LEAD S4 app -> 1 next(2) index(1) neT(1) cT(2)
131074 LEAD S4 app -> 2 next(2) index(1) neT(1) cT(2)
131079 LEAD S3  heart <- 4 T(2) cT(2)
131079 LEAD S3 PreT(1) LT(1)
131081 LEAD S1  heart <- 4 T(2) cT(2)
131082 LEAD S1 PreT(1) LT(1)
131084 LEAD S2  heart <- 4 T(2) cT(2)
131085 LEAD S2 PreT(1) LT(1)
132118 LEAD S4 app -> 0 next(2) index(1) neT(1) cT(2)
132119 LEAD S4 app -> 3 next(2) index(1) neT(1) cT(2)
132120 LEAD S4 app -> 1 next(2) index(1) neT(1) cT(2)
132122 LEAD S4 app -> 2 next(2) index(1) neT(1) cT(2)
132128 LEAD S3  heart <- 4 T(2) cT(2)
132129 LEAD S3 PreT(1) LT(1)
132130 LEAD S1  heart <- 4 T(2) cT(2)
132131 LEAD S1 PreT(1) LT(1)
132132 LEAD S2  heart <- 4 T(2) cT(2)
132133 LEAD S2 PreT(1) LT(1)
133211 LEAD S4 app -> 0 next(2) index(1) neT(1) cT(2)
133215 LEAD S4 app -> 1 next(2) index(1) neT(1) cT(2)
133219 LEAD S4 app -> 2 next(2) index(1) neT(1) cT(2)
133223 LEAD S4 app -> 3 next(2) index(1) neT(1) cT(2)
133247 LEAD S1  heart <- 4 T(2) cT(2)
133250 LEAD S1 PreT(1) LT(1)
133256 LEAD S2  heart <- 4 T(2) cT(2)
133260 LEAD S2 PreT(1) LT(1)
133262 LEAD S3  heart <- 4 T(2) cT(2)
133266 LEAD S3 PreT(1) LT(1)
134296 LEAD S4 app -> 0 next(2) index(1) neT(1) cT(2)
134297 LEAD S4 app -> 3 next(2) index(1) neT(1) cT(2)
134298 LEAD S4 app -> 2 next(2) index(1) neT(1) cT(2)
134299 LEAD S4 app -> 1 next(2) index(1) neT(1) cT(2)
134305 LEAD S3  heart <- 4 T(2) cT(2)
134306 LEAD S3 PreT(1) LT(1)
134307 LEAD S2  heart <- 4 T(2) cT(2)
134307 LEAD S2 PreT(1) LT(1)
134308 LEAD S1  heart <- 4 T(2) cT(2)
134309 LEAD S1 PreT(1) LT(1)
135368 LEAD S4 app -> 0 next(2) index(1) neT(1) cT(2)
135371 LEAD S4 app -> 1 next(2) index(1) neT(1) cT(2)
135374 LEAD S4 app -> 2 next(2) index(1) neT(1) cT(2)
135376 LEAD S4 app -> 3 next(2) index(1) neT(1) cT(2)
135400 LEAD S1  heart <- 4 T(2) cT(2)
135403 LEAD S1 PreT(1) LT(1)
135406 LEAD S3  heart <- 4 T(2) cT(2)
135408 LEAD S3 PreT(1) LT(1)
135410 LEAD S2  heart <- 4 T(2) cT(2)
135413 LEAD S2 PreT(1) LT(1)
136482 LEAD S4 app -> 0 next(2) index(1) neT(1) cT(2)
136483 LEAD S4 app -> 1 next(2) index(1) neT(1) cT(2)
136485 LEAD S4 app -> 2 next(2) index(1) neT(1) cT(2)
136487 LEAD S4 app -> 3 next(2) index(1) neT(1) cT(2)
136494 LEAD S1  heart <- 4 T(2) cT(2)
136495 LEAD S1 PreT(1) LT(1)
136495 LEAD S3  heart <- 4 T(2) cT(2)
136496 LEAD S3 PreT(1) LT(1)
136497 LEAD S2  heart <- 4 T(2) cT(2)
136498 LEAD S2 PreT(1) LT(1)
137566 LEAD S4 app -> 0 next(2) index(1) neT(1) cT(2)
137567 LEAD S4 app -> 1 next(2) index(1) neT(1) cT(2)
137569 LEAD S4 app -> 2 next(2) index(1) neT(1) cT(2)
137571 LEAD S4 app -> 3 next(2) index(1) neT(1) cT(2)
137580 LEAD S1  heart <- 4 T(2) cT(2)
137581 LEAD S1 PreT(1) LT(1)
137584 LEAD S3  heart <- 4 T(2) cT(2)
137585 LEAD S3 PreT(1) LT(1)
137586 LEAD S2  heart <- 4 T(2) cT(2)
137588 LEAD S2 PreT(1) LT(1)
138658 LEAD S4 app -> 0 next(2) index(1) neT(1) cT(2)
138659 LEAD S4 app -> 1 next(2) index(1) neT(1) cT(2)
138660 LEAD S4 app -> 2 next(2) index(1) neT(1) cT(2)
138661 LEAD S4 app -> 3 next(2) index(1) neT(1) cT(2)
138673 LEAD S1  heart <- 4 T(2) cT(2)
138674 LEAD S1 PreT(1) LT(1)
138675 LEAD S3  heart <- 4 T(2) cT(2)
138676 LEAD S2  heart <- 4 T(2) cT(2)
138676 LEAD S3 PreT(1) LT(1)
138677 LEAD S2 PreT(1) LT(1)
139739 LEAD S4 app -> 0 next(2) index(1) neT(1) cT(2)
139742 LEAD S4 app -> 1 next(2) index(1) neT(1) cT(2)
139742 LEAD S4 app -> 2 next(2) index(1) neT(1) cT(2)
139743 LEAD S4 app -> 3 next(2) index(1) neT(1) cT(2)
139749 LEAD S1  heart <- 4 T(2) cT(2)
139749 LEAD S1 PreT(1) LT(1)
139752 LEAD S2  heart <- 4 T(2) cT(2)
139753 LEAD S2 PreT(1) LT(1)
139754 LEAD S3  heart <- 4 T(2) cT(2)
139755 LEAD S3 PreT(1) LT(1)
140796 LEAD S4 app -> 0 next(2) index(1) neT(1) cT(2)
140798 LEAD S4 app -> 1 next(2) index(1) neT(1) cT(2)
140800 LEAD S4 app -> 2 next(2) index(1) neT(1) cT(2)
140802 LEAD S4 app -> 3 next(2) index(1) neT(1) cT(2)
140810 LEAD S1  heart <- 4 T(2) cT(2)
140811 LEAD S1 PreT(1) LT(1)
140820 LEAD S2  heart <- 4 T(2) cT(2)
140821 LEAD S3  heart <- 4 T(2) cT(2)
140822 LEAD S2 PreT(1) LT(1)
140823 LEAD S3 PreT(1) LT(1)
141863 LEAD S4 app -> 0 next(2) index(1) neT(1) cT(2)
141865 LEAD S4 app -> 3 next(2) index(1) neT(1) cT(2)
141867 LEAD S4 app -> 2 next(2) index(1) neT(1) cT(2)
141868 LEAD S4 app -> 1 next(2) index(1) neT(1) cT(2)
141873 LEAD S3  heart <- 4 T(2) cT(2)
141873 LEAD S3 PreT(1) LT(1)
141875 LEAD S2  heart <- 4 T(2) cT(2)
141876 LEAD S2 PreT(1) LT(1)
141878 LEAD S1  heart <- 4 T(2) cT(2)
141878 LEAD S1 PreT(1) LT(1)
142934 LEAD S4 app -> 0 next(2) index(1) neT(1) cT(2)
142936 LEAD S4 app -> 1 next(2) index(1) neT(1) cT(2)
142938 LEAD S4 app -> 2 next(2) index(1) neT(1) cT(2)
142940 LEAD S4 app -> 3 next(2) index(1) neT(1) cT(2)
142950 LEAD S1  heart <- 4 T(2) cT(2)
142951 LEAD S1 PreT(1) LT(1)
142959 LEAD S3  heart <- 4 T(2) cT(2)
142961 LEAD S3 PreT(1) LT(1)
142962 LEAD S2  heart <- 4 T(2) cT(2)
142965 LEAD S2 PreT(1) LT(1)
144028 LEAD S4 app -> 0 next(2) index(1) neT(1) cT(2)
144030 LEAD S4 app -> 2 next(2) index(1) neT(1) cT(2)
144032 LEAD S4 app -> 1 next(2) index(1) neT(1) cT(2)
144034 LEAD S4 app -> 3 next(2) index(1) neT(1) cT(2)
144041 LEAD S2  heart <- 4 T(2) cT(2)
144042 LEAD S2 PreT(1) LT(1)
144044 LEAD S1  heart <- 4 T(2) cT(2)
144044 LEAD S3  heart <- 4 T(2) cT(2)
144046 LEAD S3 PreT(1) LT(1)
144046 LEAD S1 PreT(1) LT(1)
145104 LEAD S4 app -> 0 next(2) index(1) neT(1) cT(2)
145105 LEAD S4 app -> 1 next(2) index(1) neT(1) cT(2)
145107 LEAD S4 app -> 2 next(2) index(1) neT(1) cT(2)
145109 LEAD S4 app -> 3 next(2) index(1) neT(1) cT(2)
145117 LEAD S1  heart <- 4 T(2) cT(2)
145119 LEAD S1 PreT(1) LT(1)
145120 LEAD S2  heart <- 4 T(2) cT(2)
145121 LEAD S2 PreT(1) LT(1)
145124 LEAD S3  heart <- 4 T(2) cT(2)
145125 LEAD S3 PreT(1) LT(1)
146171 LEAD S4 app -> 0 next(2) index(1) neT(1) cT(2)
146172 LEAD S4 app -> 2 next(2) index(1) neT(1) cT(2)
146173 LEAD S4 app -> 3 next(2) index(1) neT(1) cT(2)
146175 LEAD S4 app -> 1 next(2) index(1) neT(1) cT(2)
146188 LEAD S2  heart <- 4 T(2) cT(2)
146190 LEAD S2 PreT(1) LT(1)
146195 LEAD S1  heart <- 4 T(2) cT(2)
146196 LEAD S1 PreT(1) LT(1)
146197 LEAD S3  heart <- 4 T(2) cT(2)
146199 LEAD S3 PreT(1) LT(1)
147282 LEAD S4 app -> 0 next(2) index(1) neT(1) cT(2)
147284 LEAD S4 app -> 2 next(2) index(1) neT(1) cT(2)
147286 LEAD S4 app -> 1 next(2) index(1) neT(1) cT(2)
147288 LEAD S4 app -> 3 next(2) index(1) neT(1) cT(2)
147298 LEAD S1  heart <- 4 T(2) cT(2)
147299 LEAD S1 PreT(1) LT(1)
147301 LEAD S2  heart <- 4 T(2) cT(2)
147302 LEAD S2 PreT(1) LT(1)
147305 LEAD S3  heart <- 4 T(2) cT(2)
147307 LEAD S3 PreT(1) LT(1)
148373 LEAD S4 app -> 0 next(2) index(1) neT(1) cT(2)
148374 LEAD S4 app -> 2 next(2) index(1) neT(1) cT(2)
148375 LEAD S4 app -> 3 next(2) index(1) neT(1) cT(2)
148376 LEAD S4 app -> 1 next(2) index(1) neT(1) cT(2)
148381 LEAD S2  heart <- 4 T(2) cT(2)
148382 LEAD S2 PreT(1) LT(1)
148385 LEAD S3  heart <- 4 T(2) cT(2)
148386 LEAD S3 PreT(1) LT(1)
148388 LEAD S1  heart <- 4 T(2) cT(2)
148389 LEAD S1 PreT(1) LT(1)
149467 LEAD S4 app -> 0 next(2) index(1) neT(1) cT(2)
149469 LEAD S4 app -> 2 next(2) index(1) neT(1) cT(2)
149471 LEAD S4 app -> 1 next(2) index(1) neT(1) cT(2)
149473 LEAD S4 app -> 3 next(2) index(1) neT(1) cT(2)
149486 LEAD S1  heart <- 4 T(2) cT(2)
149488 LEAD S3  heart <- 4 T(2) cT(2)
149489 LEAD S3 PreT(1) LT(1)
149490 LEAD S2  heart <- 4 T(2) cT(2)
149492 LEAD S1 PreT(1) LT(1)
149494 LEAD S2 PreT(1) LT(1)
