Test: one client (3A) ...
labgob warning: Decoding into a non-default variable/field Err may not work
1 {true {Put 0 } 1 false [] 0 0}
map[] in putappend
Put PutAppend nil key =  0 value =  
Get nil key =  0 value =  
3 {true {Append 0 x 0 0 y} 3 false [] 0 0}
map[0:x 0 0 y] in putappend
Append PutAppend nil key =  0 value =  x 0 0 y
Get success key =  0 value =  x 0 0 y
5 {true {Append 0 x 0 1 y} 5 false [] 0 0}
map[0:x 0 0 yx 0 1 y] in putappend
Append PutAppend success key =  0 value =  x 0 1 y
Get success key =  0 value =  x 0 0 yx 0 1 y
7 {true {Append 0 x 0 2 y} 7 false [] 0 0}
map[0:x 0 0 yx 0 1 yx 0 2 y] in putappend
Append PutAppend success key =  0 value =  x 0 2 y
Get success key =  0 value =  x 0 0 yx 0 1 yx 0 2 y
9 {true {Append 0 x 0 3 y} 9 false [] 0 0}
map[0:x 0 0 yx 0 1 yx 0 2 yx 0 3 y] in putappend
Append PutAppend success key =  0 value =  x 0 3 y
10 {true {Append 0 x 0 4 y} 10 false [] 0 0}
map[0:x 0 0 yx 0 1 yx 0 2 yx 0 3 yx 0 4 y] in putappend
Append PutAppend success key =  0 value =  x 0 4 y
11 {true {Append 0 x 0 5 y} 11 false [] 0 0}
map[0:x 0 0 yx 0 1 yx 0 2 yx 0 3 yx 0 4 yx 0 5 y] in putappend
Append PutAppend success key =  0 value =  x 0 5 y
12 {true {Append 0 x 0 6 y} 12 false [] 0 0}
map[0:x 0 0 yx 0 1 yx 0 2 yx 0 3 yx 0 4 yx 0 5 yx 0 6 y] in putappend
Append PutAppend success key =  0 value =  x 0 6 y
Get success key =  0 value =  x 0 0 yx 0 1 yx 0 2 yx 0 3 yx 0 4 yx 0 5 yx 0 6 y
Get success key =  0 value =  x 0 0 yx 0 1 yx 0 2 yx 0 3 yx 0 4 yx 0 5 yx 0 6 y
Get success key =  0 value =  x 0 0 yx 0 1 yx 0 2 yx 0 3 yx 0 4 yx 0 5 yx 0 6 y
Get success key =  0 value =  x 0 0 yx 0 1 yx 0 2 yx 0 3 yx 0 4 yx 0 5 yx 0 6 y
17 {true {Append 0 x 0 7 y} 17 false [] 0 0}
map[0:x 0 0 yx 0 1 yx 0 2 yx 0 3 yx 0 4 yx 0 5 yx 0 6 yx 0 7 y] in putappend
Append PutAppend success key =  0 value =  x 0 7 y
18 {true {Append 0 x 0 8 y} 18 false [] 0 0}
map[0:x 0 0 yx 0 1 yx 0 2 yx 0 3 yx 0 4 yx 0 5 yx 0 6 yx 0 7 yx 0 8 y] in putappend
Append PutAppend success key =  0 value =  x 0 8 y
19 {true {Append 0 x 0 9 y} 19 false [] 0 0}
map[0:x 0 0 yx 0 1 yx 0 2 yx 0 3 yx 0 4 yx 0 5 yx 0 6 yx 0 7 yx 0 8 yx 0 9 y] in putappend
Append PutAppend success key =  0 value =  x 0 9 y
20 {true {Append 0 x 0 10 y} 20 false [] 0 0}
map[0:x 0 0 yx 0 1 yx 0 2 yx 0 3 yx 0 4 yx 0 5 yx 0 6 yx 0 7 yx 0 8 yx 0 9 yx 0 10 y] in putappend
Append PutAppend success key =  0 value =  x 0 10 y
Get success key =  0 value =  x 0 0 yx 0 1 yx 0 2 yx 0 3 yx 0 4 yx 0 5 yx 0 6 yx 0 7 yx 0 8 yx 0 9 yx 0 10 y
Get success key =  0 value =  x 0 0 yx 0 1 yx 0 2 yx 0 3 yx 0 4 yx 0 5 yx 0 6 yx 0 7 yx 0 8 yx 0 9 yx 0 10 y
23 {true {Append 0 x 0 11 y} 23 false [] 0 0}
map[0:x 0 0 yx 0 1 yx 0 2 yx 0 3 yx 0 4 yx 0 5 yx 0 6 yx 0 7 yx 0 8 yx 0 9 yx 0 10 yx 0 11 y] in putappend
Append PutAppend success key =  0 value =  x 0 11 y
24 {true {Append 0 x 0 12 y} 24 false [] 0 0}
map[0:x 0 0 yx 0 1 yx 0 2 yx 0 3 yx 0 4 yx 0 5 yx 0 6 yx 0 7 yx 0 8 yx 0 9 yx 0 10 yx 0 11 yx 0 12 y] in putappend
Append PutAppend success key =  0 value =  x 0 12 y
25 {true {Append 0 x 0 13 y} 25 false [] 0 0}
map[0:x 0 0 yx 0 1 yx 0 2 yx 0 3 yx 0 4 yx 0 5 yx 0 6 yx 0 7 yx 0 8 yx 0 9 yx 0 10 yx 0 11 yx 0 12 yx 0 13 y] in putappend
Append PutAppend success key =  0 value =  x 0 13 y
26 {true {Append 0 x 0 14 y} 26 false [] 0 0}
map[0:x 0 0 yx 0 1 yx 0 2 yx 0 3 yx 0 4 yx 0 5 yx 0 6 yx 0 7 yx 0 8 yx 0 9 yx 0 10 yx 0 11 yx 0 12 yx 0 13 yx 0 14 y] in putappend
Append PutAppend success key =  0 value =  x 0 14 y
Get success key =  0 value =  x 0 0 yx 0 1 yx 0 2 yx 0 3 yx 0 4 yx 0 5 yx 0 6 yx 0 7 yx 0 8 yx 0 9 yx 0 10 yx 0 11 yx 0 12 yx 0 13 yx 0 14 y
28 {true {Append 0 x 0 15 y} 28 false [] 0 0}
map[0:x 0 0 yx 0 1 yx 0 2 yx 0 3 yx 0 4 yx 0 5 yx 0 6 yx 0 7 yx 0 8 yx 0 9 yx 0 10 yx 0 11 yx 0 12 yx 0 13 yx 0 14 yx 0 15 y] in putappend
Append PutAppend success key =  0 value =  x 0 15 y
29 {true {Append 0 x 0 16 y} 29 false [] 0 0}
map[0:x 0 0 yx 0 1 yx 0 2 yx 0 3 yx 0 4 yx 0 5 yx 0 6 yx 0 7 yx 0 8 yx 0 9 yx 0 10 yx 0 11 yx 0 12 yx 0 13 yx 0 14 yx 0 15 yx 0 16 y] in putappend
Append PutAppend success key =  0 value =  x 0 16 y
30 {true {Append 0 x 0 17 y} 30 false [] 0 0}
map[0:x 0 0 yx 0 1 yx 0 2 yx 0 3 yx 0 4 yx 0 5 yx 0 6 yx 0 7 yx 0 8 yx 0 9 yx 0 10 yx 0 11 yx 0 12 yx 0 13 yx 0 14 yx 0 15 yx 0 16 yx 0 17 y] in putappend
Append PutAppend success key =  0 value =  x 0 17 y
31 {true {Append 0 x 0 18 y} 31 false [] 0 0}
map[0:x 0 0 yx 0 1 yx 0 2 yx 0 3 yx 0 4 yx 0 5 yx 0 6 yx 0 7 yx 0 8 yx 0 9 yx 0 10 yx 0 11 yx 0 12 yx 0 13 yx 0 14 yx 0 15 yx 0 16 yx 0 17 yx 0 18 y] in putappend
Append PutAppend success key =  0 value =  x 0 18 y
32 {true {Append 0 x 0 19 y} 32 false [] 0 0}
map[0:x 0 0 yx 0 1 yx 0 2 yx 0 3 yx 0 4 yx 0 5 yx 0 6 yx 0 7 yx 0 8 yx 0 9 yx 0 10 yx 0 11 yx 0 12 yx 0 13 yx 0 14 yx 0 15 yx 0 16 yx 0 17 yx 0 18 yx 0 19 y] in putappend
Append PutAppend success key =  0 value =  x 0 19 y
Get success key =  0 value =  x 0 0 yx 0 1 yx 0 2 yx 0 3 yx 0 4 yx 0 5 yx 0 6 yx 0 7 yx 0 8 yx 0 9 yx 0 10 yx 0 11 yx 0 12 yx 0 13 yx 0 14 yx 0 15 yx 0 16 yx 0 17 yx 0 18 yx 0 19 y
34 {true {Append 0 x 0 20 y} 34 false [] 0 0}
map[0:x 0 0 yx 0 1 yx 0 2 yx 0 3 yx 0 4 yx 0 5 yx 0 6 yx 0 7 yx 0 8 yx 0 9 yx 0 10 yx 0 11 yx 0 12 yx 0 13 yx 0 14 yx 0 15 yx 0 16 yx 0 17 yx 0 18 yx 0 19 yx 0 20 y] in putappend
Append PutAppend success key =  0 value =  x 0 20 y
Get success key =  0 value =  x 0 0 yx 0 1 yx 0 2 yx 0 3 yx 0 4 yx 0 5 yx 0 6 yx 0 7 yx 0 8 yx 0 9 yx 0 10 yx 0 11 yx 0 12 yx 0 13 yx 0 14 yx 0 15 yx 0 16 yx 0 17 yx 0 18 yx 0 19 yx 0 20 y
36 {true {Append 0 x 0 21 y} 36 false [] 0 0}
map[0:x 0 0 yx 0 1 yx 0 2 yx 0 3 yx 0 4 yx 0 5 yx 0 6 yx 0 7 yx 0 8 yx 0 9 yx 0 10 yx 0 11 yx 0 12 yx 0 13 yx 0 14 yx 0 15 yx 0 16 yx 0 17 yx 0 18 yx 0 19 yx 0 20 yx 0 21 y] in putappend
Append PutAppend success key =  0 value =  x 0 21 y
37 {true {Append 0 x 0 22 y} 37 false [] 0 0}
map[0:x 0 0 yx 0 1 yx 0 2 yx 0 3 yx 0 4 yx 0 5 yx 0 6 yx 0 7 yx 0 8 yx 0 9 yx 0 10 yx 0 11 yx 0 12 yx 0 13 yx 0 14 yx 0 15 yx 0 16 yx 0 17 yx 0 18 yx 0 19 yx 0 20 yx 0 21 yx 0 22 y] in putappend
Append PutAppend success key =  0 value =  x 0 22 y
Get success key =  0 value =  x 0 0 yx 0 1 yx 0 2 yx 0 3 yx 0 4 yx 0 5 yx 0 6 yx 0 7 yx 0 8 yx 0 9 yx 0 10 yx 0 11 yx 0 12 yx 0 13 yx 0 14 yx 0 15 yx 0 16 yx 0 17 yx 0 18 yx 0 19 yx 0 20 yx 0 21 yx 0 22 y
39 {true {Append 0 x 0 23 y} 39 false [] 0 0}
map[0:x 0 0 yx 0 1 yx 0 2 yx 0 3 yx 0 4 yx 0 5 yx 0 6 yx 0 7 yx 0 8 yx 0 9 yx 0 10 yx 0 11 yx 0 12 yx 0 13 yx 0 14 yx 0 15 yx 0 16 yx 0 17 yx 0 18 yx 0 19 yx 0 20 yx 0 21 yx 0 22 yx 0 23 y] in putappend
Append PutAppend success key =  0 value =  x 0 23 y
40 {true {Append 0 x 0 24 y} 40 false [] 0 0}
map[0:x 0 0 yx 0 1 yx 0 2 yx 0 3 yx 0 4 yx 0 5 yx 0 6 yx 0 7 yx 0 8 yx 0 9 yx 0 10 yx 0 11 yx 0 12 yx 0 13 yx 0 14 yx 0 15 yx 0 16 yx 0 17 yx 0 18 yx 0 19 yx 0 20 yx 0 21 yx 0 22 yx 0 23 yx 0 24 y] in putappend
Append PutAppend success key =  0 value =  x 0 24 y
Get success key =  0 value =  x 0 0 yx 0 1 yx 0 2 yx 0 3 yx 0 4 yx 0 5 yx 0 6 yx 0 7 yx 0 8 yx 0 9 yx 0 10 yx 0 11 yx 0 12 yx 0 13 yx 0 14 yx 0 15 yx 0 16 yx 0 17 yx 0 18 yx 0 19 yx 0 20 yx 0 21 yx 0 22 yx 0 23 yx 0 24 y
Get success key =  0 value =  x 0 0 yx 0 1 yx 0 2 yx 0 3 yx 0 4 yx 0 5 yx 0 6 yx 0 7 yx 0 8 yx 0 9 yx 0 10 yx 0 11 yx 0 12 yx 0 13 yx 0 14 yx 0 15 yx 0 16 yx 0 17 yx 0 18 yx 0 19 yx 0 20 yx 0 21 yx 0 22 yx 0 23 yx 0 24 y
Get success key =  0 value =  x 0 0 yx 0 1 yx 0 2 yx 0 3 yx 0 4 yx 0 5 yx 0 6 yx 0 7 yx 0 8 yx 0 9 yx 0 10 yx 0 11 yx 0 12 yx 0 13 yx 0 14 yx 0 15 yx 0 16 yx 0 17 yx 0 18 yx 0 19 yx 0 20 yx 0 21 yx 0 22 yx 0 23 yx 0 24 y
44 {true {Append 0 x 0 25 y} 44 false [] 0 0}
map[0:x 0 0 yx 0 1 yx 0 2 yx 0 3 yx 0 4 yx 0 5 yx 0 6 yx 0 7 yx 0 8 yx 0 9 yx 0 10 yx 0 11 yx 0 12 yx 0 13 yx 0 14 yx 0 15 yx 0 16 yx 0 17 yx 0 18 yx 0 19 yx 0 20 yx 0 21 yx 0 22 yx 0 23 yx 0 24 yx 0 25 y] in putappend
Append PutAppend success key =  0 value =  x 0 25 y
Get success key =  0 value =  x 0 0 yx 0 1 yx 0 2 yx 0 3 yx 0 4 yx 0 5 yx 0 6 yx 0 7 yx 0 8 yx 0 9 yx 0 10 yx 0 11 yx 0 12 yx 0 13 yx 0 14 yx 0 15 yx 0 16 yx 0 17 yx 0 18 yx 0 19 yx 0 20 yx 0 21 yx 0 22 yx 0 23 yx 0 24 yx 0 25 y
Get success key =  0 value =  x 0 0 yx 0 1 yx 0 2 yx 0 3 yx 0 4 yx 0 5 yx 0 6 yx 0 7 yx 0 8 yx 0 9 yx 0 10 yx 0 11 yx 0 12 yx 0 13 yx 0 14 yx 0 15 yx 0 16 yx 0 17 yx 0 18 yx 0 19 yx 0 20 yx 0 21 yx 0 22 yx 0 23 yx 0 24 yx 0 25 y
47 {true {Put 0 } 47 false [] 0 0}
map[0:] in putappend
Put PutAppend success key =  0 value =  
Get success key =  0 value =  
Get success key =  0 value =  
Get success key =  0 value =  
Get success key =  0 value =  
Get success key =  0 value =  
Get success key =  0 value =  
Get success key =  0 value =  
Get success key =  0 value =  
56 {true {Append 0 x 0 0 y} 56 false [] 0 0}
map[0:x 0 0 y] in putappend
Append PutAppend success key =  0 value =  x 0 0 y
Get success key =  0 value =  x 0 0 y
Get success key =  0 value =  x 0 0 y
Get success key =  0 value =  x 0 0 y
Get success key =  0 value =  x 0 0 y
Get success key =  0 value =  x 0 0 y
Get success key =  0 value =  x 0 0 y
63 {true {Append 0 x 0 1 y} 63 false [] 0 0}
map[0:x 0 0 yx 0 1 y] in putappend
Append PutAppend success key =  0 value =  x 0 1 y
Get success key =  0 value =  x 0 0 yx 0 1 y
65 {true {Append 0 x 0 2 y} 65 false [] 0 0}
map[0:x 0 0 yx 0 1 yx 0 2 y] in putappend
Append PutAppend success key =  0 value =  x 0 2 y
66 {true {Append 0 x 0 3 y} 66 false [] 0 0}
map[0:x 0 0 yx 0 1 yx 0 2 yx 0 3 y] in putappend
Append PutAppend success key =  0 value =  x 0 3 y
Get success key =  0 value =  x 0 0 yx 0 1 yx 0 2 yx 0 3 y
Get success key =  0 value =  x 0 0 yx 0 1 yx 0 2 yx 0 3 y
69 {true {Append 0 x 0 4 y} 69 false [] 0 0}
map[0:x 0 0 yx 0 1 yx 0 2 yx 0 3 yx 0 4 y] in putappend
Append PutAppend success key =  0 value =  x 0 4 y
Get success key =  0 value =  x 0 0 yx 0 1 yx 0 2 yx 0 3 yx 0 4 y
71 {true {Append 0 x 0 5 y} 71 false [] 0 0}
map[0:x 0 0 yx 0 1 yx 0 2 yx 0 3 yx 0 4 yx 0 5 y] in putappend
Append PutAppend success key =  0 value =  x 0 5 y
72 {true {Append 0 x 0 6 y} 72 false [] 0 0}
map[0:x 0 0 yx 0 1 yx 0 2 yx 0 3 yx 0 4 yx 0 5 yx 0 6 y] in putappend
Append PutAppend success key =  0 value =  x 0 6 y
Get success key =  0 value =  x 0 0 yx 0 1 yx 0 2 yx 0 3 yx 0 4 yx 0 5 yx 0 6 y
Get success key =  0 value =  x 0 0 yx 0 1 yx 0 2 yx 0 3 yx 0 4 yx 0 5 yx 0 6 y
75 {true {Append 0 x 0 7 y} 75 false [] 0 0}
map[0:x 0 0 yx 0 1 yx 0 2 yx 0 3 yx 0 4 yx 0 5 yx 0 6 yx 0 7 y] in putappend
Append PutAppend success key =  0 value =  x 0 7 y
Get success key =  0 value =  x 0 0 yx 0 1 yx 0 2 yx 0 3 yx 0 4 yx 0 5 yx 0 6 yx 0 7 y
77 {true {Append 0 x 0 8 y} 77 false [] 0 0}
map[0:x 0 0 yx 0 1 yx 0 2 yx 0 3 yx 0 4 yx 0 5 yx 0 6 yx 0 7 yx 0 8 y] in putappend
Append PutAppend success key =  0 value =  x 0 8 y
Get success key =  0 value =  x 0 0 yx 0 1 yx 0 2 yx 0 3 yx 0 4 yx 0 5 yx 0 6 yx 0 7 yx 0 8 y
Get success key =  0 value =  x 0 0 yx 0 1 yx 0 2 yx 0 3 yx 0 4 yx 0 5 yx 0 6 yx 0 7 yx 0 8 y
Get success key =  0 value =  x 0 0 yx 0 1 yx 0 2 yx 0 3 yx 0 4 yx 0 5 yx 0 6 yx 0 7 yx 0 8 y
81 {true {Append 0 x 0 9 y} 81 false [] 0 0}
map[0:x 0 0 yx 0 1 yx 0 2 yx 0 3 yx 0 4 yx 0 5 yx 0 6 yx 0 7 yx 0 8 yx 0 9 y] in putappend
Append PutAppend success key =  0 value =  x 0 9 y
82 {true {Append 0 x 0 10 y} 82 false [] 0 0}
map[0:x 0 0 yx 0 1 yx 0 2 yx 0 3 yx 0 4 yx 0 5 yx 0 6 yx 0 7 yx 0 8 yx 0 9 yx 0 10 y] in putappend
Append PutAppend success key =  0 value =  x 0 10 y
Get success key =  0 value =  x 0 0 yx 0 1 yx 0 2 yx 0 3 yx 0 4 yx 0 5 yx 0 6 yx 0 7 yx 0 8 yx 0 9 yx 0 10 y
84 {true {Append 0 x 0 11 y} 84 false [] 0 0}
map[0:x 0 0 yx 0 1 yx 0 2 yx 0 3 yx 0 4 yx 0 5 yx 0 6 yx 0 7 yx 0 8 yx 0 9 yx 0 10 yx 0 11 y] in putappend
Append PutAppend success key =  0 value =  x 0 11 y
85 {true {Append 0 x 0 12 y} 85 false [] 0 0}
map[0:x 0 0 yx 0 1 yx 0 2 yx 0 3 yx 0 4 yx 0 5 yx 0 6 yx 0 7 yx 0 8 yx 0 9 yx 0 10 yx 0 11 yx 0 12 y] in putappend
Append PutAppend success key =  0 value =  x 0 12 y
86 {true {Append 0 x 0 13 y} 86 false [] 0 0}
map[0:x 0 0 yx 0 1 yx 0 2 yx 0 3 yx 0 4 yx 0 5 yx 0 6 yx 0 7 yx 0 8 yx 0 9 yx 0 10 yx 0 11 yx 0 12 yx 0 13 y] in putappend
Append PutAppend success key =  0 value =  x 0 13 y
87 {true {Append 0 x 0 14 y} 87 false [] 0 0}
map[0:x 0 0 yx 0 1 yx 0 2 yx 0 3 yx 0 4 yx 0 5 yx 0 6 yx 0 7 yx 0 8 yx 0 9 yx 0 10 yx 0 11 yx 0 12 yx 0 13 yx 0 14 y] in putappend
Append PutAppend success key =  0 value =  x 0 14 y
88 {true {Append 0 x 0 15 y} 88 false [] 0 0}
map[0:x 0 0 yx 0 1 yx 0 2 yx 0 3 yx 0 4 yx 0 5 yx 0 6 yx 0 7 yx 0 8 yx 0 9 yx 0 10 yx 0 11 yx 0 12 yx 0 13 yx 0 14 yx 0 15 y] in putappend
Append PutAppend success key =  0 value =  x 0 15 y
89 {true {Append 0 x 0 16 y} 89 false [] 0 0}
map[0:x 0 0 yx 0 1 yx 0 2 yx 0 3 yx 0 4 yx 0 5 yx 0 6 yx 0 7 yx 0 8 yx 0 9 yx 0 10 yx 0 11 yx 0 12 yx 0 13 yx 0 14 yx 0 15 yx 0 16 y] in putappend
Append PutAppend success key =  0 value =  x 0 16 y
Get success key =  0 value =  x 0 0 yx 0 1 yx 0 2 yx 0 3 yx 0 4 yx 0 5 yx 0 6 yx 0 7 yx 0 8 yx 0 9 yx 0 10 yx 0 11 yx 0 12 yx 0 13 yx 0 14 yx 0 15 yx 0 16 y
Get success key =  0 value =  x 0 0 yx 0 1 yx 0 2 yx 0 3 yx 0 4 yx 0 5 yx 0 6 yx 0 7 yx 0 8 yx 0 9 yx 0 10 yx 0 11 yx 0 12 yx 0 13 yx 0 14 yx 0 15 yx 0 16 y
Get success key =  0 value =  x 0 0 yx 0 1 yx 0 2 yx 0 3 yx 0 4 yx 0 5 yx 0 6 yx 0 7 yx 0 8 yx 0 9 yx 0 10 yx 0 11 yx 0 12 yx 0 13 yx 0 14 yx 0 15 yx 0 16 y
Get success key =  0 value =  x 0 0 yx 0 1 yx 0 2 yx 0 3 yx 0 4 yx 0 5 yx 0 6 yx 0 7 yx 0 8 yx 0 9 yx 0 10 yx 0 11 yx 0 12 yx 0 13 yx 0 14 yx 0 15 yx 0 16 y
94 {true {Append 0 x 0 17 y} 94 false [] 0 0}
map[0:x 0 0 yx 0 1 yx 0 2 yx 0 3 yx 0 4 yx 0 5 yx 0 6 yx 0 7 yx 0 8 yx 0 9 yx 0 10 yx 0 11 yx 0 12 yx 0 13 yx 0 14 yx 0 15 yx 0 16 yx 0 17 y] in putappend
Append PutAppend success key =  0 value =  x 0 17 y
Get success key =  0 value =  x 0 0 yx 0 1 yx 0 2 yx 0 3 yx 0 4 yx 0 5 yx 0 6 yx 0 7 yx 0 8 yx 0 9 yx 0 10 yx 0 11 yx 0 12 yx 0 13 yx 0 14 yx 0 15 yx 0 16 yx 0 17 y
96 {true {Append 0 x 0 18 y} 96 false [] 0 0}
map[0:x 0 0 yx 0 1 yx 0 2 yx 0 3 yx 0 4 yx 0 5 yx 0 6 yx 0 7 yx 0 8 yx 0 9 yx 0 10 yx 0 11 yx 0 12 yx 0 13 yx 0 14 yx 0 15 yx 0 16 yx 0 17 yx 0 18 y] in putappend
Append PutAppend success key =  0 value =  x 0 18 y
Get success key =  0 value =  x 0 0 yx 0 1 yx 0 2 yx 0 3 yx 0 4 yx 0 5 yx 0 6 yx 0 7 yx 0 8 yx 0 9 yx 0 10 yx 0 11 yx 0 12 yx 0 13 yx 0 14 yx 0 15 yx 0 16 yx 0 17 yx 0 18 y
98 {true {Put 0 } 98 false [] 0 0}
map[0:] in putappend
Put PutAppend success key =  0 value =  
Get success key =  0 value =  
100 {true {Append 0 x 0 0 y} 100 false [] 0 0}
map[0:x 0 0 y] in putappend
Append PutAppend success key =  0 value =  x 0 0 y
Get success key =  0 value =  x 0 0 y
102 {true {Append 0 x 0 1 y} 102 false [] 0 0}
map[0:x 0 0 yx 0 1 y] in putappend
Append PutAppend success key =  0 value =  x 0 1 y
Get success key =  0 value =  x 0 0 yx 0 1 y
Get success key =  0 value =  x 0 0 yx 0 1 y
Get success key =  0 value =  x 0 0 yx 0 1 y
106 {true {Append 0 x 0 2 y} 106 false [] 0 0}
map[0:x 0 0 yx 0 1 yx 0 2 y] in putappend
Append PutAppend success key =  0 value =  x 0 2 y
107 {true {Append 0 x 0 3 y} 107 false [] 0 0}
map[0:x 0 0 yx 0 1 yx 0 2 yx 0 3 y] in putappend
Append PutAppend success key =  0 value =  x 0 3 y
108 {true {Append 0 x 0 4 y} 108 false [] 0 0}
map[0:x 0 0 yx 0 1 yx 0 2 yx 0 3 yx 0 4 y] in putappend
Append PutAppend success key =  0 value =  x 0 4 y
109 {true {Append 0 x 0 5 y} 109 false [] 0 0}
map[0:x 0 0 yx 0 1 yx 0 2 yx 0 3 yx 0 4 yx 0 5 y] in putappend
Append PutAppend success key =  0 value =  x 0 5 y
110 {true {Append 0 x 0 6 y} 110 false [] 0 0}
map[0:x 0 0 yx 0 1 yx 0 2 yx 0 3 yx 0 4 yx 0 5 yx 0 6 y] in putappend
Append PutAppend success key =  0 value =  x 0 6 y
111 {true {Append 0 x 0 7 y} 111 false [] 0 0}
map[0:x 0 0 yx 0 1 yx 0 2 yx 0 3 yx 0 4 yx 0 5 yx 0 6 yx 0 7 y] in putappend
Append PutAppend success key =  0 value =  x 0 7 y
Get success key =  0 value =  x 0 0 yx 0 1 yx 0 2 yx 0 3 yx 0 4 yx 0 5 yx 0 6 yx 0 7 y
113 {true {Append 0 x 0 8 y} 113 false [] 0 0}
map[0:x 0 0 yx 0 1 yx 0 2 yx 0 3 yx 0 4 yx 0 5 yx 0 6 yx 0 7 yx 0 8 y] in putappend
Append PutAppend success key =  0 value =  x 0 8 y
Get success key =  0 value =  x 0 0 yx 0 1 yx 0 2 yx 0 3 yx 0 4 yx 0 5 yx 0 6 yx 0 7 yx 0 8 y
115 {true {Append 0 x 0 9 y} 115 false [] 0 0}
map[0:x 0 0 yx 0 1 yx 0 2 yx 0 3 yx 0 4 yx 0 5 yx 0 6 yx 0 7 yx 0 8 yx 0 9 y] in putappend
Append PutAppend success key =  0 value =  x 0 9 y
116 {true {Append 0 x 0 10 y} 116 false [] 0 0}
map[0:x 0 0 yx 0 1 yx 0 2 yx 0 3 yx 0 4 yx 0 5 yx 0 6 yx 0 7 yx 0 8 yx 0 9 yx 0 10 y] in putappend
Append PutAppend success key =  0 value =  x 0 10 y
117 {true {Append 0 x 0 11 y} 117 false [] 0 0}
map[0:x 0 0 yx 0 1 yx 0 2 yx 0 3 yx 0 4 yx 0 5 yx 0 6 yx 0 7 yx 0 8 yx 0 9 yx 0 10 yx 0 11 y] in putappend
Append PutAppend success key =  0 value =  x 0 11 y
118 {true {Append 0 x 0 12 y} 118 false [] 0 0}
map[0:x 0 0 yx 0 1 yx 0 2 yx 0 3 yx 0 4 yx 0 5 yx 0 6 yx 0 7 yx 0 8 yx 0 9 yx 0 10 yx 0 11 yx 0 12 y] in putappend
Append PutAppend success key =  0 value =  x 0 12 y
119 {true {Append 0 x 0 13 y} 119 false [] 0 0}
map[0:x 0 0 yx 0 1 yx 0 2 yx 0 3 yx 0 4 yx 0 5 yx 0 6 yx 0 7 yx 0 8 yx 0 9 yx 0 10 yx 0 11 yx 0 12 yx 0 13 y] in putappend
Append PutAppend success key =  0 value =  x 0 13 y
Get success key =  0 value =  x 0 0 yx 0 1 yx 0 2 yx 0 3 yx 0 4 yx 0 5 yx 0 6 yx 0 7 yx 0 8 yx 0 9 yx 0 10 yx 0 11 yx 0 12 yx 0 13 y
Get success key =  0 value =  x 0 0 yx 0 1 yx 0 2 yx 0 3 yx 0 4 yx 0 5 yx 0 6 yx 0 7 yx 0 8 yx 0 9 yx 0 10 yx 0 11 yx 0 12 yx 0 13 y
122 {true {Append 0 x 0 14 y} 122 false [] 0 0}
map[0:x 0 0 yx 0 1 yx 0 2 yx 0 3 yx 0 4 yx 0 5 yx 0 6 yx 0 7 yx 0 8 yx 0 9 yx 0 10 yx 0 11 yx 0 12 yx 0 13 yx 0 14 y] in putappend
Append PutAppend success key =  0 value =  x 0 14 y
123 {true {Append 0 x 0 15 y} 123 false [] 0 0}
map[0:x 0 0 yx 0 1 yx 0 2 yx 0 3 yx 0 4 yx 0 5 yx 0 6 yx 0 7 yx 0 8 yx 0 9 yx 0 10 yx 0 11 yx 0 12 yx 0 13 yx 0 14 yx 0 15 y] in putappend
Append PutAppend success key =  0 value =  x 0 15 y
124 {true {Append 0 x 0 16 y} 124 false [] 0 0}
map[0:x 0 0 yx 0 1 yx 0 2 yx 0 3 yx 0 4 yx 0 5 yx 0 6 yx 0 7 yx 0 8 yx 0 9 yx 0 10 yx 0 11 yx 0 12 yx 0 13 yx 0 14 yx 0 15 yx 0 16 y] in putappend
Append PutAppend success key =  0 value =  x 0 16 y
Get success key =  0 value =  x 0 0 yx 0 1 yx 0 2 yx 0 3 yx 0 4 yx 0 5 yx 0 6 yx 0 7 yx 0 8 yx 0 9 yx 0 10 yx 0 11 yx 0 12 yx 0 13 yx 0 14 yx 0 15 yx 0 16 y
Get success key =  0 value =  x 0 0 yx 0 1 yx 0 2 yx 0 3 yx 0 4 yx 0 5 yx 0 6 yx 0 7 yx 0 8 yx 0 9 yx 0 10 yx 0 11 yx 0 12 yx 0 13 yx 0 14 yx 0 15 yx 0 16 y
127 {true {Append 0 x 0 17 y} 127 false [] 0 0}
map[0:x 0 0 yx 0 1 yx 0 2 yx 0 3 yx 0 4 yx 0 5 yx 0 6 yx 0 7 yx 0 8 yx 0 9 yx 0 10 yx 0 11 yx 0 12 yx 0 13 yx 0 14 yx 0 15 yx 0 16 yx 0 17 y] in putappend
Append PutAppend success key =  0 value =  x 0 17 y
128 {true {Append 0 x 0 18 y} 128 false [] 0 0}
map[0:x 0 0 yx 0 1 yx 0 2 yx 0 3 yx 0 4 yx 0 5 yx 0 6 yx 0 7 yx 0 8 yx 0 9 yx 0 10 yx 0 11 yx 0 12 yx 0 13 yx 0 14 yx 0 15 yx 0 16 yx 0 17 yx 0 18 y] in putappend
Append PutAppend success key =  0 value =  x 0 18 y
Get success key =  0 value =  x 0 0 yx 0 1 yx 0 2 yx 0 3 yx 0 4 yx 0 5 yx 0 6 yx 0 7 yx 0 8 yx 0 9 yx 0 10 yx 0 11 yx 0 12 yx 0 13 yx 0 14 yx 0 15 yx 0 16 yx 0 17 yx 0 18 y
130 {true {Append 0 x 0 19 y} 130 false [] 0 0}
map[0:x 0 0 yx 0 1 yx 0 2 yx 0 3 yx 0 4 yx 0 5 yx 0 6 yx 0 7 yx 0 8 yx 0 9 yx 0 10 yx 0 11 yx 0 12 yx 0 13 yx 0 14 yx 0 15 yx 0 16 yx 0 17 yx 0 18 yx 0 19 y] in putappend
Append PutAppend success key =  0 value =  x 0 19 y
131 {true {Append 0 x 0 20 y} 131 false [] 0 0}
map[0:x 0 0 yx 0 1 yx 0 2 yx 0 3 yx 0 4 yx 0 5 yx 0 6 yx 0 7 yx 0 8 yx 0 9 yx 0 10 yx 0 11 yx 0 12 yx 0 13 yx 0 14 yx 0 15 yx 0 16 yx 0 17 yx 0 18 yx 0 19 yx 0 20 y] in putappend
Append PutAppend success key =  0 value =  x 0 20 y
132 {true {Append 0 x 0 21 y} 132 false [] 0 0}
map[0:x 0 0 yx 0 1 yx 0 2 yx 0 3 yx 0 4 yx 0 5 yx 0 6 yx 0 7 yx 0 8 yx 0 9 yx 0 10 yx 0 11 yx 0 12 yx 0 13 yx 0 14 yx 0 15 yx 0 16 yx 0 17 yx 0 18 yx 0 19 yx 0 20 yx 0 21 y] in putappend
Append PutAppend success key =  0 value =  x 0 21 y
133 {true {Append 0 x 0 22 y} 133 false [] 0 0}
map[0:x 0 0 yx 0 1 yx 0 2 yx 0 3 yx 0 4 yx 0 5 yx 0 6 yx 0 7 yx 0 8 yx 0 9 yx 0 10 yx 0 11 yx 0 12 yx 0 13 yx 0 14 yx 0 15 yx 0 16 yx 0 17 yx 0 18 yx 0 19 yx 0 20 yx 0 21 yx 0 22 y] in putappend
Append PutAppend success key =  0 value =  x 0 22 y
Get success key =  0 value =  x 0 0 yx 0 1 yx 0 2 yx 0 3 yx 0 4 yx 0 5 yx 0 6 yx 0 7 yx 0 8 yx 0 9 yx 0 10 yx 0 11 yx 0 12 yx 0 13 yx 0 14 yx 0 15 yx 0 16 yx 0 17 yx 0 18 yx 0 19 yx 0 20 yx 0 21 yx 0 22 y
Get success key =  0 value =  x 0 0 yx 0 1 yx 0 2 yx 0 3 yx 0 4 yx 0 5 yx 0 6 yx 0 7 yx 0 8 yx 0 9 yx 0 10 yx 0 11 yx 0 12 yx 0 13 yx 0 14 yx 0 15 yx 0 16 yx 0 17 yx 0 18 yx 0 19 yx 0 20 yx 0 21 yx 0 22 y
Get success key =  0 value =  x 0 0 yx 0 1 yx 0 2 yx 0 3 yx 0 4 yx 0 5 yx 0 6 yx 0 7 yx 0 8 yx 0 9 yx 0 10 yx 0 11 yx 0 12 yx 0 13 yx 0 14 yx 0 15 yx 0 16 yx 0 17 yx 0 18 yx 0 19 yx 0 20 yx 0 21 yx 0 22 y
137 {true {Append 0 x 0 23 y} 137 false [] 0 0}
map[0:x 0 0 yx 0 1 yx 0 2 yx 0 3 yx 0 4 yx 0 5 yx 0 6 yx 0 7 yx 0 8 yx 0 9 yx 0 10 yx 0 11 yx 0 12 yx 0 13 yx 0 14 yx 0 15 yx 0 16 yx 0 17 yx 0 18 yx 0 19 yx 0 20 yx 0 21 yx 0 22 yx 0 23 y] in putappend
Append PutAppend success key =  0 value =  x 0 23 y
138 {true {Append 0 x 0 24 y} 138 false [] 0 0}
map[0:x 0 0 yx 0 1 yx 0 2 yx 0 3 yx 0 4 yx 0 5 yx 0 6 yx 0 7 yx 0 8 yx 0 9 yx 0 10 yx 0 11 yx 0 12 yx 0 13 yx 0 14 yx 0 15 yx 0 16 yx 0 17 yx 0 18 yx 0 19 yx 0 20 yx 0 21 yx 0 22 yx 0 23 yx 0 24 y] in putappend
Append PutAppend success key =  0 value =  x 0 24 y
Get success key =  0 value =  x 0 0 yx 0 1 yx 0 2 yx 0 3 yx 0 4 yx 0 5 yx 0 6 yx 0 7 yx 0 8 yx 0 9 yx 0 10 yx 0 11 yx 0 12 yx 0 13 yx 0 14 yx 0 15 yx 0 16 yx 0 17 yx 0 18 yx 0 19 yx 0 20 yx 0 21 yx 0 22 yx 0 23 yx 0 24 y
140 {true {Append 0 x 0 25 y} 140 false [] 0 0}
map[0:x 0 0 yx 0 1 yx 0 2 yx 0 3 yx 0 4 yx 0 5 yx 0 6 yx 0 7 yx 0 8 yx 0 9 yx 0 10 yx 0 11 yx 0 12 yx 0 13 yx 0 14 yx 0 15 yx 0 16 yx 0 17 yx 0 18 yx 0 19 yx 0 20 yx 0 21 yx 0 22 yx 0 23 yx 0 24 yx 0 25 y] in putappend
Append PutAppend success key =  0 value =  x 0 25 y
Get success key =  0 value =  x 0 0 yx 0 1 yx 0 2 yx 0 3 yx 0 4 yx 0 5 yx 0 6 yx 0 7 yx 0 8 yx 0 9 yx 0 10 yx 0 11 yx 0 12 yx 0 13 yx 0 14 yx 0 15 yx 0 16 yx 0 17 yx 0 18 yx 0 19 yx 0 20 yx 0 21 yx 0 22 yx 0 23 yx 0 24 yx 0 25 y
Get success key =  0 value =  x 0 0 yx 0 1 yx 0 2 yx 0 3 yx 0 4 yx 0 5 yx 0 6 yx 0 7 yx 0 8 yx 0 9 yx 0 10 yx 0 11 yx 0 12 yx 0 13 yx 0 14 yx 0 15 yx 0 16 yx 0 17 yx 0 18 yx 0 19 yx 0 20 yx 0 21 yx 0 22 yx 0 23 yx 0 24 yx 0 25 y
Get success key =  0 value =  x 0 0 yx 0 1 yx 0 2 yx 0 3 yx 0 4 yx 0 5 yx 0 6 yx 0 7 yx 0 8 yx 0 9 yx 0 10 yx 0 11 yx 0 12 yx 0 13 yx 0 14 yx 0 15 yx 0 16 yx 0 17 yx 0 18 yx 0 19 yx 0 20 yx 0 21 yx 0 22 yx 0 23 yx 0 24 yx 0 25 y
Get success key =  0 value =  x 0 0 yx 0 1 yx 0 2 yx 0 3 yx 0 4 yx 0 5 yx 0 6 yx 0 7 yx 0 8 yx 0 9 yx 0 10 yx 0 11 yx 0 12 yx 0 13 yx 0 14 yx 0 15 yx 0 16 yx 0 17 yx 0 18 yx 0 19 yx 0 20 yx 0 21 yx 0 22 yx 0 23 yx 0 24 yx 0 25 y
Get success key =  0 value =  x 0 0 yx 0 1 yx 0 2 yx 0 3 yx 0 4 yx 0 5 yx 0 6 yx 0 7 yx 0 8 yx 0 9 yx 0 10 yx 0 11 yx 0 12 yx 0 13 yx 0 14 yx 0 15 yx 0 16 yx 0 17 yx 0 18 yx 0 19 yx 0 20 yx 0 21 yx 0 22 yx 0 23 yx 0 24 yx 0 25 y
Get success key =  0 value =  x 0 0 yx 0 1 yx 0 2 yx 0 3 yx 0 4 yx 0 5 yx 0 6 yx 0 7 yx 0 8 yx 0 9 yx 0 10 yx 0 11 yx 0 12 yx 0 13 yx 0 14 yx 0 15 yx 0 16 yx 0 17 yx 0 18 yx 0 19 yx 0 20 yx 0 21 yx 0 22 yx 0 23 yx 0 24 yx 0 25 y
Get success key =  0 value =  x 0 0 yx 0 1 yx 0 2 yx 0 3 yx 0 4 yx 0 5 yx 0 6 yx 0 7 yx 0 8 yx 0 9 yx 0 10 yx 0 11 yx 0 12 yx 0 13 yx 0 14 yx 0 15 yx 0 16 yx 0 17 yx 0 18 yx 0 19 yx 0 20 yx 0 21 yx 0 22 yx 0 23 yx 0 24 yx 0 25 y
  ... Passed --  15.4  5  7280  147
PASS
ok  	6.824/kvraft	15.393s
